{"/home/travis/build/npmtest/node-npmtest-module-deps/test.js":{"path":"/home/travis/build/npmtest/node-npmtest-module-deps/test.js","s":{"1":2,"2":2,"3":2,"4":2,"5":2,"6":2,"7":2,"8":1,"9":2,"10":2,"11":1,"12":1,"13":1,"14":1,"15":2,"16":2,"17":2,"18":2,"19":1,"20":1,"21":2,"22":2,"23":2,"24":1,"25":1,"26":1,"27":1,"28":1,"29":1,"30":1,"31":1,"32":1,"33":1,"34":1,"35":1,"36":1,"37":1,"38":1,"39":2,"40":2,"41":1,"42":2,"43":2,"44":1,"45":2,"46":2,"47":1,"48":2,"49":2,"50":1,"51":1,"52":1,"53":1,"54":1},"b":{"1":[2,1,1,1],"2":[1,1,1,1],"3":[1,1],"4":[1,1],"5":[1,1],"6":[1,1],"7":[1,1],"8":[1,1],"9":[1,1],"10":[1,1,1],"11":[1,1],"12":[1,1],"13":[1,1],"14":[1,1],"15":[1,1],"16":[1,1],"17":[1,1]},"f":{"1":2,"2":2,"3":2,"4":2,"5":2,"6":1,"7":1,"8":1,"9":2,"10":2,"11":2,"12":2,"13":1},"fnMap":{"1":{"name":"(anonymous_1)","line":12,"loc":{"start":{"line":12,"column":1},"end":{"line":12,"column":13}}},"2":{"name":"(anonymous_2)","line":19,"loc":{"start":{"line":19,"column":5},"end":{"line":19,"column":17}}},"3":{"name":"(anonymous_3)","line":23,"loc":{"start":{"line":23,"column":24},"end":{"line":23,"column":36}}},"4":{"name":"(anonymous_4)","line":61,"loc":{"start":{"line":61,"column":5},"end":{"line":61,"column":17}}},"5":{"name":"(anonymous_5)","line":82,"loc":{"start":{"line":82,"column":5},"end":{"line":82,"column":17}}},"6":{"name":"(anonymous_6)","line":91,"loc":{"start":{"line":91,"column":77},"end":{"line":94,"column":10}}},"7":{"name":"(anonymous_7)","line":112,"loc":{"start":{"line":112,"column":83},"end":{"line":115,"column":10}},"skip":true},"8":{"name":"(anonymous_8)","line":123,"loc":{"start":{"line":123,"column":77},"end":{"line":126,"column":10}},"skip":true},"9":{"name":"(anonymous_9)","line":139,"loc":{"start":{"line":139,"column":12},"end":{"line":139,"column":40}},"skip":true},"10":{"name":"(anonymous_10)","line":147,"loc":{"start":{"line":147,"column":77},"end":{"line":150,"column":10}},"skip":true},"11":{"name":"(anonymous_11)","line":158,"loc":{"start":{"line":158,"column":83},"end":{"line":161,"column":10}},"skip":true},"12":{"name":"(anonymous_12)","line":169,"loc":{"start":{"line":169,"column":79},"end":{"line":172,"column":10}},"skip":true},"13":{"name":"(anonymous_13)","line":180,"loc":{"start":{"line":180,"column":75},"end":{"line":183,"column":10}},"skip":true}},"statementMap":{"1":{"start":{"line":12,"column":0},"end":{"line":195,"column":5}},"2":{"start":{"line":14,"column":4},"end":{"line":14,"column":14}},"3":{"start":{"line":19,"column":4},"end":{"line":56,"column":9}},"4":{"start":{"line":21,"column":8},"end":{"line":21,"column":19}},"5":{"start":{"line":23,"column":8},"end":{"line":35,"column":13}},"6":{"start":{"line":24,"column":12},"end":{"line":34,"column":13}},"7":{"start":{"line":25,"column":16},"end":{"line":28,"column":30}},"8":{"start":{"line":30,"column":16},"end":{"line":33,"column":27}},"9":{"start":{"line":37,"column":8},"end":{"line":39,"column":21}},"10":{"start":{"line":40,"column":8},"end":{"line":53,"column":9}},"11":{"start":{"line":43,"column":12},"end":{"line":46,"column":14}},"12":{"start":{"line":47,"column":12},"end":{"line":47,"column":18}},"13":{"start":{"line":50,"column":12},"end":{"line":51,"column":46}},"14":{"start":{"line":52,"column":12},"end":{"line":52,"column":18}},"15":{"start":{"line":55,"column":8},"end":{"line":55,"column":35}},"16":{"start":{"line":61,"column":4},"end":{"line":63,"column":9}},"17":{"start":{"line":62,"column":8},"end":{"line":62,"column":15}},"18":{"start":{"line":64,"column":4},"end":{"line":77,"column":5}},"19":{"start":{"line":70,"column":8},"end":{"line":70,"column":14}},"20":{"start":{"line":76,"column":8},"end":{"line":76,"column":14}},"21":{"start":{"line":82,"column":4},"end":{"line":84,"column":9}},"22":{"start":{"line":83,"column":8},"end":{"line":83,"column":15}},"23":{"start":{"line":85,"column":4},"end":{"line":194,"column":5}},"24":{"start":{"line":91,"column":8},"end":{"line":99,"column":10}},"25":{"start":{"line":98,"column":12},"end":{"line":98,"column":35}},"26":{"start":{"line":102,"column":8},"end":{"line":104,"column":63}},"27":{"start":{"line":105,"column":8},"end":{"line":105,"column":14}},"28":{"start":{"line":112,"column":8},"end":{"line":121,"column":10},"skip":true},"29":{"start":{"line":119,"column":12},"end":{"line":119,"column":55},"skip":true},"30":{"start":{"line":120,"column":12},"end":{"line":120,"column":48},"skip":true},"31":{"start":{"line":123,"column":8},"end":{"line":136,"column":10},"skip":true},"32":{"start":{"line":130,"column":12},"end":{"line":130,"column":76},"skip":true},"33":{"start":{"line":131,"column":12},"end":{"line":131,"column":73},"skip":true},"34":{"start":{"line":132,"column":12},"end":{"line":132,"column":74},"skip":true},"35":{"start":{"line":133,"column":12},"end":{"line":133,"column":79},"skip":true},"36":{"start":{"line":134,"column":12},"end":{"line":134,"column":25},"skip":true},"37":{"start":{"line":135,"column":12},"end":{"line":135,"column":45},"skip":true},"38":{"start":{"line":138,"column":8},"end":{"line":145,"column":14},"skip":true},"39":{"start":{"line":143,"column":16},"end":{"line":143,"column":29},"skip":true},"40":{"start":{"line":144,"column":16},"end":{"line":144,"column":55},"skip":true},"41":{"start":{"line":147,"column":8},"end":{"line":156,"column":10},"skip":true},"42":{"start":{"line":154,"column":12},"end":{"line":154,"column":25},"skip":true},"43":{"start":{"line":155,"column":12},"end":{"line":155,"column":45},"skip":true},"44":{"start":{"line":158,"column":8},"end":{"line":167,"column":10},"skip":true},"45":{"start":{"line":165,"column":12},"end":{"line":165,"column":25},"skip":true},"46":{"start":{"line":166,"column":12},"end":{"line":166,"column":48},"skip":true},"47":{"start":{"line":169,"column":8},"end":{"line":178,"column":10},"skip":true},"48":{"start":{"line":176,"column":12},"end":{"line":176,"column":25},"skip":true},"49":{"start":{"line":177,"column":12},"end":{"line":177,"column":46},"skip":true},"50":{"start":{"line":180,"column":8},"end":{"line":189,"column":10},"skip":true},"51":{"start":{"line":187,"column":12},"end":{"line":187,"column":94},"skip":true},"52":{"start":{"line":188,"column":12},"end":{"line":188,"column":48},"skip":true},"53":{"start":{"line":192,"column":8},"end":{"line":192,"column":35},"skip":true},"54":{"start":{"line":193,"column":8},"end":{"line":193,"column":14},"skip":true}},"branchMap":{"1":{"line":25,"type":"binary-expr","locations":[{"start":{"line":25,"column":23},"end":{"line":25,"column":62}},{"start":{"line":26,"column":20},"end":{"line":26,"column":70}},{"start":{"line":27,"column":20},"end":{"line":27,"column":71}},{"start":{"line":28,"column":20},"end":{"line":28,"column":29}}]},"2":{"line":30,"type":"binary-expr","locations":[{"start":{"line":30,"column":23},"end":{"line":30,"column":37}},{"start":{"line":31,"column":20},"end":{"line":31,"column":61}},{"start":{"line":32,"column":20},"end":{"line":32,"column":70}},{"start":{"line":33,"column":20},"end":{"line":33,"column":26}}]},"3":{"line":37,"type":"cond-expr","locations":[{"start":{"line":38,"column":14},"end":{"line":38,"column":20}},{"start":{"line":39,"column":14},"end":{"line":39,"column":20}}]},"4":{"line":40,"type":"switch","locations":[{"start":{"line":42,"column":8},"end":{"line":47,"column":18}},{"start":{"line":49,"column":8},"end":{"line":52,"column":18}}]},"5":{"line":44,"type":"binary-expr","locations":[{"start":{"line":44,"column":16},"end":{"line":44,"column":44}},{"start":{"line":44,"column":48},"end":{"line":44,"column":66}}]},"6":{"line":50,"type":"binary-expr","locations":[{"start":{"line":50,"column":21},"end":{"line":50,"column":49}},{"start":{"line":50,"column":53},"end":{"line":50,"column":72}}]},"7":{"line":64,"type":"switch","locations":[{"start":{"line":69,"column":4},"end":{"line":70,"column":14}},{"start":{"line":75,"column":4},"end":{"line":76,"column":14}}]},"8":{"line":85,"type":"switch","locations":[{"start":{"line":90,"column":4},"end":{"line":105,"column":14}},{"start":{"line":111,"column":4},"end":{"line":193,"column":14},"skip":true}]},"9":{"line":91,"type":"binary-expr","locations":[{"start":{"line":91,"column":42},"end":{"line":91,"column":73}},{"start":{"line":91,"column":77},"end":{"line":99,"column":9}}]},"10":{"line":102,"type":"binary-expr","locations":[{"start":{"line":102,"column":18},"end":{"line":102,"column":32}},{"start":{"line":103,"column":12},"end":{"line":103,"column":53}},{"start":{"line":104,"column":12},"end":{"line":104,"column":61}}]},"11":{"line":112,"type":"binary-expr","locations":[{"start":{"line":112,"column":45},"end":{"line":112,"column":79},"skip":true},{"start":{"line":112,"column":83},"end":{"line":121,"column":9},"skip":true}]},"12":{"line":123,"type":"binary-expr","locations":[{"start":{"line":123,"column":42},"end":{"line":123,"column":73},"skip":true},{"start":{"line":123,"column":77},"end":{"line":136,"column":9},"skip":true}]},"13":{"line":138,"type":"binary-expr","locations":[{"start":{"line":138,"column":48},"end":{"line":138,"column":85},"skip":true},{"start":{"line":139,"column":12},"end":{"line":145,"column":13},"skip":true}]},"14":{"line":147,"type":"binary-expr","locations":[{"start":{"line":147,"column":42},"end":{"line":147,"column":73},"skip":true},{"start":{"line":147,"column":77},"end":{"line":156,"column":9},"skip":true}]},"15":{"line":158,"type":"binary-expr","locations":[{"start":{"line":158,"column":45},"end":{"line":158,"column":79},"skip":true},{"start":{"line":158,"column":83},"end":{"line":167,"column":9},"skip":true}]},"16":{"line":169,"type":"binary-expr","locations":[{"start":{"line":169,"column":43},"end":{"line":169,"column":75},"skip":true},{"start":{"line":169,"column":79},"end":{"line":178,"column":9},"skip":true}]},"17":{"line":180,"type":"binary-expr","locations":[{"start":{"line":180,"column":41},"end":{"line":180,"column":71},"skip":true},{"start":{"line":180,"column":75},"end":{"line":189,"column":9},"skip":true}]}},"code":["/* istanbul instrument in package npmtest_module_deps */","/*jslint","    bitwise: true,","    browser: true,","    maxerr: 8,","    maxlen: 96,","    node: true,","    nomen: true,","    regexp: true,","    stupid: true","*/","(function () {","    'use strict';","    var local;","","","","    // run shared js-env code - pre-init","    (function () {","        // init local","        local = {};","        // init modeJs","        local.modeJs = (function () {","            try {","                return typeof navigator.userAgent === 'string' &&","                    typeof document.querySelector('body') === 'object' &&","                    typeof XMLHttpRequest.prototype.open === 'function' &&","                    'browser';","            } catch (errorCaughtBrowser) {","                return module.exports &&","                    typeof process.versions.node === 'string' &&","                    typeof require('http').createServer === 'function' &&","                    'node';","            }","        }());","        // init global","        local.global = local.modeJs === 'browser'","            ? window","            : global;","        switch (local.modeJs) {","        // re-init local from window.local","        case 'browser':","            local = local.global.utility2.objectSetDefault(","                local.global.utility2_rollup || local.global.local,","                local.global.utility2","            );","            break;","        // re-init local from example.js","        case 'node':","            local = (local.global.utility2_rollup || require('utility2'))","                .requireExampleJsFromReadme();","            break;","        }","        // export local","        local.global.local = local;","    }());","","","","    // run shared js-env code - function","    (function () {","        return;","    }());","    switch (local.modeJs) {","","","","    // run browser js-env code - function","    case 'browser':","        break;","","","","    // run node js-env code - function","    case 'node':","        break;","    }","","","","    // run shared js-env code - post-init","    (function () {","        return;","    }());","    switch (local.modeJs) {","","","","    // run browser js-env code - post-init","    case 'browser':","        local.testCase_browser_nullCase = local.testCase_browser_nullCase || function (","            options,","            onError","        ) {","        /*","         * this function will test browsers's null-case handling-behavior-behavior","         */","            onError(null, options);","        };","","        // run tests","        local.nop(local.modeTest &&","            document.querySelector('#testRunButton1') &&","            document.querySelector('#testRunButton1').click());","        break;","","","","    // run node js-env code - post-init","    /* istanbul ignore next */","    case 'node':","        local.testCase_buildApidoc_default = local.testCase_buildApidoc_default || function (","            options,","            onError","        ) {","        /*","         * this function will test buildApidoc's default handling-behavior-behavior","         */","            options = { modulePathList: module.paths };","            local.buildApidoc(options, onError);","        };","","        local.testCase_buildApp_default = local.testCase_buildApp_default || function (","            options,","            onError","        ) {","        /*","         * this function will test buildApp's default handling-behavior-behavior","         */","            local.testCase_buildReadme_default(options, local.onErrorThrow);","            local.testCase_buildLib_default(options, local.onErrorThrow);","            local.testCase_buildTest_default(options, local.onErrorThrow);","            local.testCase_buildCustomOrg_default(options, local.onErrorThrow);","            options = [];","            local.buildApp(options, onError);","        };","","        local.testCase_buildCustomOrg_default = local.testCase_buildCustomOrg_default ||","            function (options, onError) {","            /*","             * this function will test buildCustomOrg's default handling-behavior","             */","                options = {};","                local.buildCustomOrg(options, onError);","            };","","        local.testCase_buildLib_default = local.testCase_buildLib_default || function (","            options,","            onError","        ) {","        /*","         * this function will test buildLib's default handling-behavior","         */","            options = {};","            local.buildLib(options, onError);","        };","","        local.testCase_buildReadme_default = local.testCase_buildReadme_default || function (","            options,","            onError","        ) {","        /*","         * this function will test buildReadme's default handling-behavior-behavior","         */","            options = {};","            local.buildReadme(options, onError);","        };","","        local.testCase_buildTest_default = local.testCase_buildTest_default || function (","            options,","            onError","        ) {","        /*","         * this function will test buildTest's default handling-behavior","         */","            options = {};","            local.buildTest(options, onError);","        };","","        local.testCase_webpage_default = local.testCase_webpage_default || function (","            options,","            onError","        ) {","        /*","         * this function will test webpage's default handling-behavior","         */","            options = { modeCoverageMerge: true, url: local.serverLocalHost + '?modeTest=1' };","            local.browserTest(options, onError);","        };","","        // run test-server","        local.testRunServer(local);","        break;","    }","}());",""],"l":{"12":2,"14":2,"19":2,"21":2,"23":2,"24":2,"25":2,"30":1,"37":2,"40":2,"43":1,"47":1,"50":1,"52":1,"55":2,"61":2,"62":2,"64":2,"70":1,"76":1,"82":2,"83":2,"85":2,"91":1,"98":1,"102":1,"105":1,"112":1,"119":1,"120":1,"123":1,"130":1,"131":1,"132":1,"133":1,"134":1,"135":1,"138":1,"143":2,"144":2,"147":1,"154":2,"155":2,"158":1,"165":2,"166":2,"169":1,"176":2,"177":2,"180":1,"187":1,"188":1,"192":1,"193":1}},"/home/travis/build/npmtest/node-npmtest-module-deps/lib.npmtest_module_deps.js":{"path":"/home/travis/build/npmtest/node-npmtest-module-deps/lib.npmtest_module_deps.js","s":{"1":2,"2":2,"3":2,"4":2,"5":2,"6":2,"7":2,"8":1,"9":2,"10":2,"11":2,"12":2,"13":1,"14":1,"15":1,"16":1},"b":{"1":[2,1,1,1],"2":[1,1,1,1],"3":[1,1],"4":[2,2],"5":[1,1]},"f":{"1":2,"2":2,"3":2},"fnMap":{"1":{"name":"(anonymous_1)","line":12,"loc":{"start":{"line":12,"column":1},"end":{"line":12,"column":13}}},"2":{"name":"(anonymous_2)","line":19,"loc":{"start":{"line":19,"column":5},"end":{"line":19,"column":17}}},"3":{"name":"(anonymous_3)","line":23,"loc":{"start":{"line":23,"column":24},"end":{"line":23,"column":36}}}},"statementMap":{"1":{"start":{"line":12,"column":0},"end":{"line":53,"column":5}},"2":{"start":{"line":14,"column":4},"end":{"line":14,"column":14}},"3":{"start":{"line":19,"column":4},"end":{"line":52,"column":9}},"4":{"start":{"line":21,"column":8},"end":{"line":21,"column":19}},"5":{"start":{"line":23,"column":8},"end":{"line":35,"column":13}},"6":{"start":{"line":24,"column":12},"end":{"line":34,"column":13}},"7":{"start":{"line":25,"column":16},"end":{"line":28,"column":30}},"8":{"start":{"line":30,"column":16},"end":{"line":33,"column":27}},"9":{"start":{"line":37,"column":8},"end":{"line":39,"column":21}},"10":{"start":{"line":41,"column":8},"end":{"line":41,"column":54}},"11":{"start":{"line":43,"column":8},"end":{"line":43,"column":56}},"12":{"start":{"line":45,"column":8},"end":{"line":51,"column":9}},"13":{"start":{"line":46,"column":12},"end":{"line":46,"column":62}},"14":{"start":{"line":48,"column":12},"end":{"line":48,"column":35}},"15":{"start":{"line":49,"column":12},"end":{"line":49,"column":49}},"16":{"start":{"line":50,"column":12},"end":{"line":50,"column":43}}},"branchMap":{"1":{"line":25,"type":"binary-expr","locations":[{"start":{"line":25,"column":23},"end":{"line":25,"column":62}},{"start":{"line":26,"column":20},"end":{"line":26,"column":70}},{"start":{"line":27,"column":20},"end":{"line":27,"column":71}},{"start":{"line":28,"column":20},"end":{"line":28,"column":29}}]},"2":{"line":30,"type":"binary-expr","locations":[{"start":{"line":30,"column":23},"end":{"line":30,"column":37}},{"start":{"line":31,"column":20},"end":{"line":31,"column":61}},{"start":{"line":32,"column":20},"end":{"line":32,"column":70}},{"start":{"line":33,"column":20},"end":{"line":33,"column":26}}]},"3":{"line":37,"type":"cond-expr","locations":[{"start":{"line":38,"column":14},"end":{"line":38,"column":20}},{"start":{"line":39,"column":14},"end":{"line":39,"column":20}}]},"4":{"line":41,"type":"binary-expr","locations":[{"start":{"line":41,"column":16},"end":{"line":41,"column":44}},{"start":{"line":41,"column":48},"end":{"line":41,"column":53}}]},"5":{"line":45,"type":"if","locations":[{"start":{"line":45,"column":8},"end":{"line":45,"column":8}},{"start":{"line":45,"column":8},"end":{"line":45,"column":8}}]}},"code":["/* istanbul instrument in package npmtest_module_deps */","/*jslint","    bitwise: true,","    browser: true,","    maxerr: 8,","    maxlen: 96,","    node: true,","    nomen: true,","    regexp: true,","    stupid: true","*/","(function () {","    'use strict';","    var local;","","","","    // run shared js-env code - pre-init","    (function () {","        // init local","        local = {};","        // init modeJs","        local.modeJs = (function () {","            try {","                return typeof navigator.userAgent === 'string' &&","                    typeof document.querySelector('body') === 'object' &&","                    typeof XMLHttpRequest.prototype.open === 'function' &&","                    'browser';","            } catch (errorCaughtBrowser) {","                return module.exports &&","                    typeof process.versions.node === 'string' &&","                    typeof require('http').createServer === 'function' &&","                    'node';","            }","        }());","        // init global","        local.global = local.modeJs === 'browser'","            ? window","            : global;","        // init utility2_rollup","        local = local.global.utility2_rollup || local;","        // init lib","        local.local = local.npmtest_module_deps = local;","        // init exports","        if (local.modeJs === 'browser') {","            local.global.utility2_npmtest_module_deps = local;","        } else {","            module.exports = local;","            module.exports.__dirname = __dirname;","            module.exports.module = module;","        }","    }());","}());",""],"l":{"12":2,"14":2,"19":2,"21":2,"23":2,"24":2,"25":2,"30":1,"37":2,"41":2,"43":2,"45":2,"46":1,"48":1,"49":1,"50":1}},"/home/travis/build/npmtest/node-npmtest-module-deps/example.js":{"path":"/home/travis/build/npmtest/node-npmtest-module-deps/example.js","s":{"1":2,"2":2,"3":2,"4":2,"5":2,"6":2,"7":2,"8":1,"9":2,"10":2,"11":2,"12":2,"13":1,"14":2,"15":2,"16":2,"17":2,"18":2,"19":0,"20":2,"21":1,"22":1,"23":1,"24":1,"25":1,"26":0,"27":0,"28":1,"29":1,"30":2,"31":0,"32":0,"33":0,"34":1,"35":2,"36":2,"37":3,"38":3,"39":3,"40":3,"41":0,"42":3,"43":3,"44":3,"45":1,"46":3,"47":1,"48":1,"49":1,"50":1,"51":1,"52":1,"53":1,"54":1,"55":1,"56":1,"57":0,"58":1,"59":6,"60":6,"61":1,"62":2,"63":0,"64":2,"65":1,"66":1,"67":0,"68":0,"69":0,"70":0,"71":0,"72":0,"73":0,"74":0,"75":0,"76":0,"77":0,"78":0,"79":0,"80":0,"81":0,"82":0,"83":0},"b":{"1":[2,1,1,1],"2":[1,1,1,1],"3":[1,1],"4":[2,2],"5":[1,1],"6":[1,1],"7":[2,0],"8":[2,1,1,1,1,1],"9":[0,2,0],"10":[1,1],"11":[2,1,1],"12":[1,0],"13":[0,2],"14":[2,0,0,0,0,0,0],"15":[0,3],"16":[3,0],"17":[1,1],"18":[0,1],"19":[1,2,0,2],"20":[1,0],"21":[1,1],"22":[0,0],"23":[0,0],"24":[0,0],"25":[0,0],"26":[0,0],"27":[0,0],"28":[0,0]},"f":{"1":2,"2":2,"3":2,"4":2,"5":2,"6":2,"7":3,"8":3,"9":3,"10":1,"11":6,"12":0},"fnMap":{"1":{"name":"(anonymous_1)","line":26,"loc":{"start":{"line":26,"column":1},"end":{"line":26,"column":13}}},"2":{"name":"(anonymous_2)","line":33,"loc":{"start":{"line":33,"column":5},"end":{"line":33,"column":17}}},"3":{"name":"(anonymous_3)","line":37,"loc":{"start":{"line":37,"column":24},"end":{"line":37,"column":36}}},"4":{"name":"(anonymous_4)","line":69,"loc":{"start":{"line":69,"column":31},"end":{"line":69,"column":48}},"skip":true},"5":{"name":"(anonymous_5)","line":78,"loc":{"start":{"line":78,"column":26},"end":{"line":78,"column":45}},"skip":true},"6":{"name":"(anonymous_6)","line":123,"loc":{"start":{"line":123,"column":33},"end":{"line":123,"column":48}},"skip":true},"7":{"name":"(anonymous_7)","line":125,"loc":{"start":{"line":125,"column":27},"end":{"line":125,"column":39}},"skip":true},"8":{"name":"(anonymous_8)","line":133,"loc":{"start":{"line":133,"column":59},"end":{"line":133,"column":74}},"skip":true},"9":{"name":"(anonymous_9)","line":143,"loc":{"start":{"line":143,"column":45},"end":{"line":143,"column":62}},"skip":true},"10":{"name":"(anonymous_10)","line":144,"loc":{"start":{"line":144,"column":73},"end":{"line":144,"column":92}},"skip":true},"11":{"name":"(anonymous_11)","line":272,"loc":{"start":{"line":272,"column":51},"end":{"line":272,"column":77}},"skip":true},"12":{"name":"(anonymous_12)","line":315,"loc":{"start":{"line":315,"column":32},"end":{"line":315,"column":61}},"skip":true}},"statementMap":{"1":{"start":{"line":26,"column":0},"end":{"line":326,"column":5}},"2":{"start":{"line":28,"column":4},"end":{"line":28,"column":14}},"3":{"start":{"line":33,"column":4},"end":{"line":60,"column":9}},"4":{"start":{"line":35,"column":8},"end":{"line":35,"column":19}},"5":{"start":{"line":37,"column":8},"end":{"line":49,"column":13}},"6":{"start":{"line":38,"column":12},"end":{"line":48,"column":13}},"7":{"start":{"line":39,"column":16},"end":{"line":42,"column":30}},"8":{"start":{"line":44,"column":16},"end":{"line":47,"column":27}},"9":{"start":{"line":51,"column":8},"end":{"line":53,"column":21}},"10":{"start":{"line":55,"column":8},"end":{"line":57,"column":45}},"11":{"start":{"line":59,"column":8},"end":{"line":59,"column":35}},"12":{"start":{"line":61,"column":4},"end":{"line":325,"column":5}},"13":{"start":{"line":69,"column":8},"end":{"line":121,"column":10},"skip":true},"14":{"start":{"line":70,"column":12},"end":{"line":88,"column":13},"skip":true},"15":{"start":{"line":76,"column":16},"end":{"line":87,"column":19},"skip":true},"16":{"start":{"line":79,"column":20},"end":{"line":86,"column":21},"skip":true},"17":{"start":{"line":82,"column":24},"end":{"line":82,"column":43},"skip":true},"18":{"start":{"line":83,"column":24},"end":{"line":83,"column":30},"skip":true},"19":{"start":{"line":85,"column":24},"end":{"line":85,"column":49},"skip":true},"20":{"start":{"line":89,"column":12},"end":{"line":107,"column":13},"skip":true},"21":{"start":{"line":92,"column":16},"end":{"line":102,"column":17},"skip":true},"22":{"start":{"line":93,"column":20},"end":{"line":93,"column":86},"skip":true},"23":{"start":{"line":94,"column":20},"end":{"line":95,"column":45},"skip":true},"24":{"start":{"line":96,"column":20},"end":{"line":96,"column":42},"skip":true},"25":{"start":{"line":97,"column":20},"end":{"line":97,"column":48},"skip":true},"26":{"start":{"line":100,"column":20},"end":{"line":100,"column":85},"skip":true},"27":{"start":{"line":101,"column":20},"end":{"line":101,"column":96},"skip":true},"28":{"start":{"line":103,"column":16},"end":{"line":103,"column":22},"skip":true},"29":{"start":{"line":106,"column":16},"end":{"line":106,"column":22},"skip":true},"30":{"start":{"line":108,"column":12},"end":{"line":120,"column":13},"skip":true},"31":{"start":{"line":114,"column":16},"end":{"line":119,"column":17},"skip":true},"32":{"start":{"line":116,"column":20},"end":{"line":116,"column":78},"skip":true},"33":{"start":{"line":118,"column":20},"end":{"line":118,"column":47},"skip":true},"34":{"start":{"line":123,"column":8},"end":{"line":141,"column":11},"skip":true},"35":{"start":{"line":124,"column":12},"end":{"line":124,"column":54},"skip":true},"36":{"start":{"line":125,"column":12},"end":{"line":140,"column":14},"skip":true},"37":{"start":{"line":126,"column":16},"end":{"line":126,"column":28},"skip":true},"38":{"start":{"line":127,"column":16},"end":{"line":127,"column":69},"skip":true},"39":{"start":{"line":128,"column":16},"end":{"line":128,"column":75},"skip":true},"40":{"start":{"line":129,"column":16},"end":{"line":131,"column":17},"skip":true},"41":{"start":{"line":130,"column":20},"end":{"line":130,"column":27},"skip":true},"42":{"start":{"line":133,"column":16},"end":{"line":137,"column":36},"skip":true},"43":{"start":{"line":134,"column":20},"end":{"line":136,"column":55},"skip":true},"44":{"start":{"line":139,"column":16},"end":{"line":139,"column":57},"skip":true},"45":{"start":{"line":143,"column":8},"end":{"line":147,"column":11},"skip":true},"46":{"start":{"line":144,"column":12},"end":{"line":146,"column":15},"skip":true},"47":{"start":{"line":145,"column":16},"end":{"line":145,"column":70},"skip":true},"48":{"start":{"line":149,"column":8},"end":{"line":149,"column":31},"skip":true},"49":{"start":{"line":150,"column":8},"end":{"line":150,"column":14},"skip":true},"50":{"start":{"line":158,"column":8},"end":{"line":158,"column":31},"skip":true},"51":{"start":{"line":160,"column":8},"end":{"line":160,"column":33},"skip":true},"52":{"start":{"line":161,"column":8},"end":{"line":161,"column":37},"skip":true},"53":{"start":{"line":162,"column":8},"end":{"line":162,"column":35},"skip":true},"54":{"start":{"line":164,"column":8},"end":{"line":164,"column":50},"skip":true},"55":{"start":{"line":166,"column":8},"end":{"line":256,"column":2},"skip":true},"56":{"start":{"line":258,"column":8},"end":{"line":286,"column":9},"skip":true},"57":{"start":{"line":259,"column":12},"end":{"line":269,"column":14},"skip":true},"58":{"start":{"line":271,"column":12},"end":{"line":285,"column":19},"skip":true},"59":{"start":{"line":274,"column":20},"end":{"line":274,"column":35},"skip":true},"60":{"start":{"line":275,"column":20},"end":{"line":284,"column":21},"skip":true},"61":{"start":{"line":277,"column":24},"end":{"line":277,"column":64},"skip":true},"62":{"start":{"line":279,"column":24},"end":{"line":279,"column":40},"skip":true},"63":{"start":{"line":281,"column":24},"end":{"line":281,"column":40},"skip":true},"64":{"start":{"line":283,"column":24},"end":{"line":283,"column":39},"skip":true},"65":{"start":{"line":288,"column":8},"end":{"line":290,"column":9},"skip":true},"66":{"start":{"line":289,"column":12},"end":{"line":289,"column":18},"skip":true},"67":{"start":{"line":291,"column":8},"end":{"line":293,"column":54},"skip":true},"68":{"start":{"line":296,"column":8},"end":{"line":301,"column":37},"skip":true},"69":{"start":{"line":303,"column":8},"end":{"line":303,"column":82},"skip":true},"70":{"start":{"line":306,"column":8},"end":{"line":308,"column":9},"skip":true},"71":{"start":{"line":307,"column":12},"end":{"line":307,"column":82},"skip":true},"72":{"start":{"line":310,"column":8},"end":{"line":312,"column":9},"skip":true},"73":{"start":{"line":311,"column":12},"end":{"line":311,"column":18},"skip":true},"74":{"start":{"line":313,"column":8},"end":{"line":313,"column":54},"skip":true},"75":{"start":{"line":314,"column":8},"end":{"line":314,"column":69},"skip":true},"76":{"start":{"line":315,"column":8},"end":{"line":323,"column":36},"skip":true},"77":{"start":{"line":316,"column":12},"end":{"line":316,"column":61},"skip":true},"78":{"start":{"line":317,"column":12},"end":{"line":320,"column":13},"skip":true},"79":{"start":{"line":318,"column":16},"end":{"line":318,"column":75},"skip":true},"80":{"start":{"line":319,"column":16},"end":{"line":319,"column":23},"skip":true},"81":{"start":{"line":321,"column":12},"end":{"line":321,"column":38},"skip":true},"82":{"start":{"line":322,"column":12},"end":{"line":322,"column":27},"skip":true},"83":{"start":{"line":324,"column":8},"end":{"line":324,"column":14},"skip":true}},"branchMap":{"1":{"line":39,"type":"binary-expr","locations":[{"start":{"line":39,"column":23},"end":{"line":39,"column":62}},{"start":{"line":40,"column":20},"end":{"line":40,"column":70}},{"start":{"line":41,"column":20},"end":{"line":41,"column":71}},{"start":{"line":42,"column":20},"end":{"line":42,"column":29}}]},"2":{"line":44,"type":"binary-expr","locations":[{"start":{"line":44,"column":23},"end":{"line":44,"column":37}},{"start":{"line":45,"column":20},"end":{"line":45,"column":61}},{"start":{"line":46,"column":20},"end":{"line":46,"column":70}},{"start":{"line":47,"column":20},"end":{"line":47,"column":26}}]},"3":{"line":51,"type":"cond-expr","locations":[{"start":{"line":52,"column":14},"end":{"line":52,"column":20}},{"start":{"line":53,"column":14},"end":{"line":53,"column":20}}]},"4":{"line":55,"type":"binary-expr","locations":[{"start":{"line":55,"column":16},"end":{"line":55,"column":44}},{"start":{"line":55,"column":49},"end":{"line":57,"column":43}}]},"5":{"line":55,"type":"cond-expr","locations":[{"start":{"line":56,"column":14},"end":{"line":56,"column":55}},{"start":{"line":57,"column":14},"end":{"line":57,"column":43}}]},"6":{"line":61,"type":"switch","locations":[{"start":{"line":68,"column":4},"end":{"line":150,"column":14},"skip":true},{"start":{"line":156,"column":4},"end":{"line":324,"column":14},"skip":true}]},"7":{"line":70,"type":"if","locations":[{"start":{"line":70,"column":12},"end":{"line":70,"column":12},"skip":true},{"start":{"line":70,"column":12},"end":{"line":70,"column":12},"skip":true}]},"8":{"line":70,"type":"binary-expr","locations":[{"start":{"line":70,"column":16},"end":{"line":70,"column":22},"skip":true},{"start":{"line":70,"column":27},"end":{"line":70,"column":32},"skip":true},{"start":{"line":71,"column":20},"end":{"line":71,"column":39},"skip":true},{"start":{"line":72,"column":20},"end":{"line":72,"column":49},"skip":true},{"start":{"line":73,"column":20},"end":{"line":73,"column":58},"skip":true},{"start":{"line":74,"column":20},"end":{"line":74,"column":69},"skip":true}]},"9":{"line":79,"type":"switch","locations":[{"start":{"line":80,"column":20},"end":{"line":80,"column":33},"skip":true},{"start":{"line":81,"column":20},"end":{"line":83,"column":30},"skip":true},{"start":{"line":84,"column":20},"end":{"line":85,"column":49},"skip":true}]},"10":{"line":89,"type":"switch","locations":[{"start":{"line":90,"column":12},"end":{"line":103,"column":22},"skip":true},{"start":{"line":105,"column":12},"end":{"line":106,"column":22},"skip":true}]},"11":{"line":89,"type":"binary-expr","locations":[{"start":{"line":89,"column":20},"end":{"line":89,"column":25},"skip":true},{"start":{"line":89,"column":29},"end":{"line":89,"column":48},"skip":true},{"start":{"line":89,"column":52},"end":{"line":89,"column":74},"skip":true}]},"12":{"line":92,"type":"if","locations":[{"start":{"line":92,"column":16},"end":{"line":92,"column":16},"skip":true},{"start":{"line":92,"column":16},"end":{"line":92,"column":16},"skip":true}]},"13":{"line":108,"type":"if","locations":[{"start":{"line":108,"column":12},"end":{"line":108,"column":12},"skip":true},{"start":{"line":108,"column":12},"end":{"line":108,"column":12},"skip":true}]},"14":{"line":108,"type":"binary-expr","locations":[{"start":{"line":108,"column":16},"end":{"line":108,"column":61},"skip":true},{"start":{"line":108,"column":66},"end":{"line":108,"column":72},"skip":true},{"start":{"line":108,"column":77},"end":{"line":108,"column":82},"skip":true},{"start":{"line":109,"column":20},"end":{"line":109,"column":39},"skip":true},{"start":{"line":110,"column":20},"end":{"line":110,"column":49},"skip":true},{"start":{"line":111,"column":20},"end":{"line":111,"column":58},"skip":true},{"start":{"line":112,"column":20},"end":{"line":112,"column":68},"skip":true}]},"15":{"line":129,"type":"if","locations":[{"start":{"line":129,"column":16},"end":{"line":129,"column":16},"skip":true},{"start":{"line":129,"column":16},"end":{"line":129,"column":16},"skip":true}]},"16":{"line":134,"type":"cond-expr","locations":[{"start":{"line":135,"column":26},"end":{"line":135,"column":29},"skip":true},{"start":{"line":136,"column":26},"end":{"line":136,"column":54},"skip":true}]},"17":{"line":164,"type":"binary-expr","locations":[{"start":{"line":164,"column":27},"end":{"line":164,"column":43},"skip":true},{"start":{"line":164,"column":47},"end":{"line":164,"column":49},"skip":true}]},"18":{"line":258,"type":"if","locations":[{"start":{"line":258,"column":8},"end":{"line":258,"column":8},"skip":true},{"start":{"line":258,"column":8},"end":{"line":258,"column":8},"skip":true}]},"19":{"line":275,"type":"switch","locations":[{"start":{"line":276,"column":20},"end":{"line":277,"column":64},"skip":true},{"start":{"line":278,"column":20},"end":{"line":279,"column":40},"skip":true},{"start":{"line":280,"column":20},"end":{"line":281,"column":40},"skip":true},{"start":{"line":282,"column":20},"end":{"line":283,"column":39},"skip":true}]},"20":{"line":288,"type":"if","locations":[{"start":{"line":288,"column":8},"end":{"line":288,"column":8},"skip":true},{"start":{"line":288,"column":8},"end":{"line":288,"column":8},"skip":true}]},"21":{"line":288,"type":"binary-expr","locations":[{"start":{"line":288,"column":12},"end":{"line":288,"column":40},"skip":true},{"start":{"line":288,"column":44},"end":{"line":288,"column":67},"skip":true}]},"22":{"line":292,"type":"binary-expr","locations":[{"start":{"line":292,"column":12},"end":{"line":292,"column":50},"skip":true},{"start":{"line":293,"column":12},"end":{"line":293,"column":53},"skip":true}]},"23":{"line":297,"type":"binary-expr","locations":[{"start":{"line":297,"column":12},"end":{"line":297,"column":69},"skip":true},{"start":{"line":298,"column":12},"end":{"line":301,"column":36},"skip":true}]},"24":{"line":303,"type":"binary-expr","locations":[{"start":{"line":303,"column":43},"end":{"line":303,"column":75},"skip":true},{"start":{"line":303,"column":79},"end":{"line":303,"column":81},"skip":true}]},"25":{"line":306,"type":"if","locations":[{"start":{"line":306,"column":8},"end":{"line":306,"column":8},"skip":true},{"start":{"line":306,"column":8},"end":{"line":306,"column":8},"skip":true}]},"26":{"line":310,"type":"if","locations":[{"start":{"line":310,"column":8},"end":{"line":310,"column":8},"skip":true},{"start":{"line":310,"column":8},"end":{"line":310,"column":8},"skip":true}]},"27":{"line":313,"type":"binary-expr","locations":[{"start":{"line":313,"column":27},"end":{"line":313,"column":43},"skip":true},{"start":{"line":313,"column":47},"end":{"line":313,"column":53},"skip":true}]},"28":{"line":317,"type":"if","locations":[{"start":{"line":317,"column":12},"end":{"line":317,"column":12},"skip":true},{"start":{"line":317,"column":12},"end":{"line":317,"column":12},"skip":true}]}},"code":["/*","example.js","","quickstart example","","instruction","    1. save this script as example.js","    2. run the shell command:","        $ npm install npmtest-module-deps && PORT=8081 node example.js","    3. play with the browser-demo on http://127.0.0.1:8081","*/","","","","/* istanbul instrument in package npmtest_module_deps */","/*jslint","    bitwise: true,","    browser: true,","    maxerr: 8,","    maxlen: 96,","    node: true,","    nomen: true,","    regexp: true,","    stupid: true","*/","(function () {","    'use strict';","    var local;","","","","    // run shared js-env code - pre-init","    (function () {","        // init local","        local = {};","        // init modeJs","        local.modeJs = (function () {","            try {","                return typeof navigator.userAgent === 'string' &&","                    typeof document.querySelector('body') === 'object' &&","                    typeof XMLHttpRequest.prototype.open === 'function' &&","                    'browser';","            } catch (errorCaughtBrowser) {","                return module.exports &&","                    typeof process.versions.node === 'string' &&","                    typeof require('http').createServer === 'function' &&","                    'node';","            }","        }());","        // init global","        local.global = local.modeJs === 'browser'","            ? window","            : global;","        // init utility2_rollup","        local = local.global.utility2_rollup || (local.modeJs === 'browser'","            ? local.global.utility2_npmtest_module_deps","            : global.utility2_moduleExports);","        // export local","        local.global.local = local;","    }());","    switch (local.modeJs) {","","","","    // post-init","    // run browser js-env code - post-init","    /* istanbul ignore next */","    case 'browser':","        local.testRunBrowser = function (event) {","            if (!event || (event &&","                    event.currentTarget &&","                    event.currentTarget.className &&","                    event.currentTarget.className.includes &&","                    event.currentTarget.className.includes('onreset'))) {","                // reset output","                Array.from(","                    document.querySelectorAll('body > .resettable')","                ).forEach(function (element) {","                    switch (element.tagName) {","                    case 'INPUT':","                    case 'TEXTAREA':","                        element.value = '';","                        break;","                    default:","                        element.textContent = '';","                    }","                });","            }","            switch (event && event.currentTarget && event.currentTarget.id) {","            case 'testRunButton1':","                // show tests","                if (document.querySelector('#testReportDiv1').style.display === 'none') {","                    document.querySelector('#testReportDiv1').style.display = 'block';","                    document.querySelector('#testRunButton1').textContent =","                        'hide internal test';","                    local.modeTest = true;","                    local.testRunDefault(local);","                // hide tests","                } else {","                    document.querySelector('#testReportDiv1').style.display = 'none';","                    document.querySelector('#testRunButton1').textContent = 'run internal test';","                }","                break;","            // custom-case","            default:","                break;","            }","            if (document.querySelector('#inputTextareaEval1') && (!event || (event &&","                    event.currentTarget &&","                    event.currentTarget.className &&","                    event.currentTarget.className.includes &&","                    event.currentTarget.className.includes('oneval')))) {","                // try to eval input-code","                try {","                    /*jslint evil: true*/","                    eval(document.querySelector('#inputTextareaEval1').value);","                } catch (errorCaught) {","                    console.error(errorCaught);","                }","            }","        };","        // log stderr and stdout to #outputTextareaStdout1","        ['error', 'log'].forEach(function (key) {","            console[key + '_original'] = console[key];","            console[key] = function () {","                var element;","                console[key + '_original'].apply(console, arguments);","                element = document.querySelector('#outputTextareaStdout1');","                if (!element) {","                    return;","                }","                // append text to #outputTextareaStdout1","                element.value += Array.from(arguments).map(function (arg) {","                    return typeof arg === 'string'","                        ? arg","                        : JSON.stringify(arg, null, 4);","                }).join(' ') + '\\n';","                // scroll textarea to bottom","                element.scrollTop = element.scrollHeight;","            };","        });","        // init event-handling","        ['change', 'click', 'keyup'].forEach(function (event) {","            Array.from(document.querySelectorAll('.on' + event)).forEach(function (element) {","                element.addEventListener(event, local.testRunBrowser);","            });","        });","        // run tests","        local.testRunBrowser();","        break;","","","","    // run node js-env code - post-init","    /* istanbul ignore next */","    case 'node':","        // export local","        module.exports = local;","        // require modules","        local.fs = require('fs');","        local.http = require('http');","        local.url = require('url');","        // init assets","        local.assetsDict = local.assetsDict || {};","        /* jslint-ignore-begin */","        local.assetsDict['/assets.index.template.html'] = '\\","<!doctype html>\\n\\","<html lang=\"en\">\\n\\","<head>\\n\\","<meta charset=\"UTF-8\">\\n\\","<meta name=\"viewport\" content=\"width=device-width, initial-scale=1\">\\n\\","<title>{{env.npm_package_name}} (v{{env.npm_package_version}})</title>\\n\\","<style>\\n\\","/*csslint\\n\\","    box-sizing: false,\\n\\","    universal-selector: false\\n\\","*/\\n\\","* {\\n\\","    box-sizing: border-box;\\n\\","}\\n\\","body {\\n\\","    background: #dde;\\n\\","    font-family: Arial, Helvetica, sans-serif;\\n\\","    margin: 2rem;\\n\\","}\\n\\","body > * {\\n\\","    margin-bottom: 1rem;\\n\\","}\\n\\",".utility2FooterDiv {\\n\\","    margin-top: 20px;\\n\\","    text-align: center;\\n\\","}\\n\\","</style>\\n\\","<style>\\n\\","/*csslint\\n\\","*/\\n\\","textarea {\\n\\","    font-family: monospace;\\n\\","    height: 10rem;\\n\\","    width: 100%;\\n\\","}\\n\\","textarea[readonly] {\\n\\","    background: #ddd;\\n\\","}\\n\\","</style>\\n\\","</head>\\n\\","<body>\\n\\","<!-- utility2-comment\\n\\","<div id=\"ajaxProgressDiv1\" style=\"background: #d00; height: 2px; left: 0; margin: 0; padding: 0; position: fixed; top: 0; transition: background 0.5s, width 1.5s; width: 25%;\"></div>\\n\\","utility2-comment -->\\n\\","<h1>\\n\\","<!-- utility2-comment\\n\\","    <a\\n\\","        {{#if env.npm_package_homepage}}\\n\\","        href=\"{{env.npm_package_homepage}}\"\\n\\","        {{/if env.npm_package_homepage}}\\n\\","        target=\"_blank\"\\n\\","    >\\n\\","utility2-comment -->\\n\\","        {{env.npm_package_name}} (v{{env.npm_package_version}})\\n\\","<!-- utility2-comment\\n\\","    </a>\\n\\","utility2-comment -->\\n\\","</h1>\\n\\","<h3>{{env.npm_package_description}}</h3>\\n\\","<!-- utility2-comment\\n\\","<h4><a download href=\"assets.app.js\">download standalone app</a></h4>\\n\\","<button class=\"onclick onreset\" id=\"testRunButton1\">run internal test</button><br>\\n\\","<div id=\"testReportDiv1\" style=\"display: none;\"></div>\\n\\","utility2-comment -->\\n\\","\\n\\","\\n\\","\\n\\","<label>stderr and stdout</label>\\n\\","<textarea class=\"resettable\" id=\"outputTextareaStdout1\" readonly></textarea>\\n\\","<!-- utility2-comment\\n\\","{{#if isRollup}}\\n\\","<script src=\"assets.app.js\"></script>\\n\\","{{#unless isRollup}}\\n\\","utility2-comment -->\\n\\","<script src=\"assets.utility2.rollup.js\"></script>\\n\\","<script src=\"jsonp.utility2._stateInit?callback=window.utility2._stateInit\"></script>\\n\\","<script src=\"assets.npmtest_module_deps.rollup.js\"></script>\\n\\","<script src=\"assets.example.js\"></script>\\n\\","<script src=\"assets.test.js\"></script>\\n\\","<!-- utility2-comment\\n\\","{{/if isRollup}}\\n\\","utility2-comment -->\\n\\","<div class=\"utility2FooterDiv\">\\n\\","    [ this app was created with\\n\\","    <a href=\"https://github.com/kaizhu256/node-utility2\" target=\"_blank\">utility2</a>\\n\\","    ]\\n\\","</div>\\n\\","</body>\\n\\","</html>\\n\\","';","        /* jslint-ignore-end */","        if (local.templateRender) {","            local.assetsDict['/'] = local.templateRender(","                local.assetsDict['/assets.index.template.html'],","                {","                    env: local.objectSetDefault(local.env, {","                        npm_package_description: 'the greatest app in the world!',","                        npm_package_name: 'my-app',","                        npm_package_nameAlias: 'my_app',","                        npm_package_version: '0.0.1'","                    })","                }","            );","        } else {","            local.assetsDict['/'] = local.assetsDict['/assets.index.template.html']","                .replace((/\\{\\{env\\.(\\w+?)\\}\\}/g), function (match0, match1) {","                    // jslint-hack","                    String(match0);","                    switch (match1) {","                    case 'npm_package_description':","                        return 'the greatest app in the world!';","                    case 'npm_package_name':","                        return 'my-app';","                    case 'npm_package_nameAlias':","                        return 'my_app';","                    case 'npm_package_version':","                        return '0.0.1';","                    }","                });","        }","        // run the cli","        if (local.global.utility2_rollup || module !== require.main) {","            break;","        }","        local.assetsDict['/assets.example.js'] =","            local.assetsDict['/assets.example.js'] ||","            local.fs.readFileSync(__filename, 'utf8');","        // bug-workaround - long $npm_package_buildCustomOrg","        /* jslint-ignore-begin */","        local.assetsDict['/assets.npmtest_module_deps.rollup.js'] =","            local.assetsDict['/assets.npmtest_module_deps.rollup.js'] ||","            local.fs.readFileSync(","                local.npmtest_module_deps.__dirname + '/lib.npmtest_module_deps.js',","                'utf8'","            ).replace((/^#!/), '//');","        /* jslint-ignore-end */","        local.assetsDict['/favicon.ico'] = local.assetsDict['/favicon.ico'] || '';","        // if $npm_config_timeout_exit exists,","        // then exit this process after $npm_config_timeout_exit ms","        if (Number(process.env.npm_config_timeout_exit)) {","            setTimeout(process.exit, Number(process.env.npm_config_timeout_exit));","        }","        // start server","        if (local.global.utility2_serverHttp1) {","            break;","        }","        process.env.PORT = process.env.PORT || '8081';","        console.error('server starting on port ' + process.env.PORT);","        local.http.createServer(function (request, response) {","            request.urlParsed = local.url.parse(request.url);","            if (local.assetsDict[request.urlParsed.pathname] !== undefined) {","                response.end(local.assetsDict[request.urlParsed.pathname]);","                return;","            }","            response.statusCode = 404;","            response.end();","        }).listen(process.env.PORT);","        break;","    }","}());",""],"l":{"26":2,"28":2,"33":2,"35":2,"37":2,"38":2,"39":2,"44":1,"51":2,"55":2,"59":2,"61":2,"69":1,"70":2,"76":2,"79":2,"82":2,"83":2,"85":1,"89":2,"92":1,"93":1,"94":1,"96":1,"97":1,"100":1,"101":1,"103":1,"106":1,"108":2,"114":1,"116":1,"118":1,"123":1,"124":2,"125":2,"126":3,"127":3,"128":3,"129":3,"130":1,"133":3,"134":3,"139":3,"143":1,"144":3,"145":1,"149":1,"150":1,"158":1,"160":1,"161":1,"162":1,"164":1,"166":1,"258":1,"259":1,"271":1,"274":6,"275":6,"277":1,"279":2,"281":1,"283":2,"288":1,"289":1,"291":1,"296":1,"303":1,"306":1,"307":1,"310":1,"311":1,"313":1,"314":1,"315":1,"316":1,"317":1,"318":1,"319":1,"321":1,"322":1,"324":1}},"/home/travis/build/npmtest/node-npmtest-module-deps/node_modules/module-deps/index.js":{"path":"/home/travis/build/npmtest/node-npmtest-module-deps/node_modules/module-deps/index.js","s":{"1":1,"2":1,"3":1,"4":1,"5":1,"6":1,"7":1,"8":1,"9":1,"10":1,"11":1,"12":1,"13":1,"14":1,"15":1,"16":1,"17":1,"18":1,"19":0,"20":0,"21":0,"22":0,"23":0,"24":0,"25":0,"26":0,"27":0,"28":0,"29":0,"30":0,"31":0,"32":0,"33":0,"34":0,"35":0,"36":0,"37":0,"38":0,"39":0,"40":0,"41":0,"42":0,"43":0,"44":0,"45":0,"46":0,"47":0,"48":0,"49":0,"50":0,"51":0,"52":0,"53":0,"54":0,"55":0,"56":0,"57":1,"58":0,"59":0,"60":0,"61":0,"62":0,"63":0,"64":0,"65":1,"66":0,"67":0,"68":0,"69":0,"70":0,"71":0,"72":0,"73":0,"74":0,"75":0,"76":0,"77":0,"78":0,"79":0,"80":0,"81":0,"82":0,"83":0,"84":0,"85":0,"86":0,"87":0,"88":0,"89":1,"90":0,"91":0,"92":0,"93":0,"94":0,"95":0,"96":0,"97":0,"98":0,"99":0,"100":0,"101":0,"102":0,"103":0,"104":0,"105":0,"106":0,"107":0,"108":0,"109":0,"110":0,"111":1,"112":0,"113":0,"114":0,"115":0,"116":0,"117":0,"118":0,"119":0,"120":0,"121":0,"122":0,"123":0,"124":0,"125":0,"126":0,"127":0,"128":0,"129":0,"130":0,"131":0,"132":0,"133":0,"134":0,"135":0,"136":0,"137":0,"138":0,"139":0,"140":0,"141":0,"142":0,"143":0,"144":0,"145":0,"146":0,"147":1,"148":0,"149":0,"150":0,"151":0,"152":0,"153":0,"154":0,"155":0,"156":1,"157":0,"158":0,"159":0,"160":0,"161":0,"162":0,"163":0,"164":0,"165":0,"166":0,"167":0,"168":0,"169":0,"170":0,"171":0,"172":0,"173":0,"174":0,"175":0,"176":0,"177":0,"178":0,"179":0,"180":0,"181":1,"182":0,"183":0,"184":0,"185":0,"186":0,"187":0,"188":0,"189":1,"190":0,"191":0,"192":0,"193":0,"194":0,"195":0,"196":0,"197":0,"198":0,"199":0,"200":0,"201":0,"202":0,"203":1,"204":0,"205":0,"206":0,"207":0,"208":0,"209":0,"210":0,"211":0,"212":0,"213":0,"214":0,"215":0,"216":0,"217":0,"218":0,"219":0,"220":1,"221":0,"222":0,"223":0,"224":0,"225":0,"226":0,"227":0,"228":0,"229":0,"230":0,"231":0,"232":0,"233":0,"234":0,"235":0,"236":0,"237":0,"238":0,"239":0,"240":0,"241":0,"242":0,"243":0,"244":0,"245":0,"246":0,"247":0,"248":0,"249":0,"250":0,"251":0,"252":0,"253":0,"254":0,"255":0,"256":0,"257":0,"258":0,"259":0,"260":0,"261":0,"262":0,"263":0,"264":0,"265":0,"266":0,"267":0,"268":0,"269":0,"270":0,"271":0,"272":0,"273":0,"274":0,"275":0,"276":0,"277":0,"278":0,"279":0,"280":0,"281":0,"282":0,"283":1,"284":0,"285":0,"286":0,"287":0,"288":0,"289":0,"290":0,"291":0,"292":1,"293":0,"294":1,"295":0,"296":0,"297":0,"298":1,"299":0,"300":0,"301":0,"302":0,"303":0,"304":0,"305":0,"306":0,"307":0,"308":0,"309":0,"310":0,"311":0,"312":0,"313":0,"314":0,"315":0,"316":0,"317":0,"318":0,"319":0,"320":1,"321":0,"322":0,"323":0,"324":0,"325":0,"326":0,"327":0,"328":0,"329":0,"330":0,"331":0,"332":0,"333":0,"334":0,"335":0,"336":1,"337":0,"338":0,"339":0,"340":0,"341":0,"342":0,"343":0,"344":0,"345":0,"346":0,"347":0,"348":0,"349":1,"350":0,"351":0,"352":0,"353":0,"354":0,"355":0,"356":0,"357":0,"358":0,"359":0,"360":0,"361":0,"362":0,"363":0,"364":0,"365":0,"366":0,"367":0,"368":0,"369":0,"370":0,"371":0,"372":0,"373":0,"374":0,"375":0,"376":0,"377":0,"378":0,"379":0,"380":0,"381":0,"382":0,"383":0,"384":1,"385":0,"386":0,"387":0,"388":0,"389":0,"390":0,"391":0,"392":0,"393":0,"394":0,"395":0,"396":1,"397":0,"398":0,"399":0,"400":0,"401":0,"402":0,"403":0,"404":0,"405":0,"406":0,"407":0,"408":1,"409":0,"410":0,"411":0,"412":1,"413":0,"414":0,"415":0,"416":0,"417":0,"418":0,"419":0,"420":0,"421":1,"422":0,"423":0,"424":0,"425":0,"426":1,"427":0,"428":1,"429":0,"430":0,"431":0,"432":0,"433":0,"434":0,"435":0,"436":0},"b":{"1":[0,0],"2":[0,0],"3":[0,0],"4":[0,0],"5":[0,0],"6":[0,0,0],"7":[0,0],"8":[0,0],"9":[0,0],"10":[0,0],"11":[0,0],"12":[0,0],"13":[0,0],"14":[0,0],"15":[0,0],"16":[0,0],"17":[0,0],"18":[0,0],"19":[0,0],"20":[0,0],"21":[0,0],"22":[0,0],"23":[0,0],"24":[0,0],"25":[0,0],"26":[0,0],"27":[0,0],"28":[0,0,0],"29":[0,0],"30":[0,0],"31":[0,0],"32":[0,0],"33":[0,0],"34":[0,0],"35":[0,0],"36":[0,0],"37":[0,0],"38":[0,0],"39":[0,0],"40":[0,0],"41":[0,0],"42":[0,0],"43":[0,0],"44":[0,0],"45":[0,0],"46":[0,0],"47":[0,0],"48":[0,0],"49":[0,0],"50":[0,0],"51":[0,0],"52":[0,0],"53":[0,0],"54":[0,0],"55":[0,0],"56":[0,0],"57":[0,0],"58":[0,0],"59":[0,0],"60":[0,0],"61":[0,0],"62":[0,0],"63":[0,0],"64":[0,0],"65":[0,0],"66":[0,0],"67":[0,0],"68":[0,0],"69":[0,0],"70":[0,0],"71":[0,0],"72":[0,0],"73":[0,0],"74":[0,0],"75":[0,0],"76":[0,0],"77":[0,0],"78":[0,0],"79":[0,0],"80":[0,0],"81":[0,0],"82":[0,0],"83":[0,0],"84":[0,0],"85":[0,0],"86":[0,0],"87":[0,0],"88":[0,0],"89":[0,0],"90":[0,0],"91":[0,0],"92":[0,0],"93":[0,0],"94":[0,0],"95":[0,0],"96":[0,0],"97":[0,0],"98":[0,0],"99":[0,0],"100":[0,0],"101":[0,0],"102":[0,0],"103":[0,0],"104":[0,0],"105":[0,0],"106":[0,0],"107":[0,0],"108":[0,0],"109":[0,0],"110":[0,0],"111":[0,0],"112":[0,0],"113":[0,0],"114":[0,0],"115":[0,0],"116":[0,0],"117":[0,0],"118":[0,0],"119":[0,0],"120":[0,0],"121":[0,0],"122":[0,0],"123":[0,0],"124":[0,0],"125":[0,0],"126":[0,0],"127":[0,0],"128":[0,0],"129":[0,0],"130":[0,0],"131":[0,0],"132":[0,0],"133":[0,0],"134":[0,0],"135":[0,0],"136":[0,0],"137":[0,0],"138":[0,0],"139":[0,0],"140":[0,0],"141":[0,0],"142":[0,0]},"f":{"1":0,"2":0,"3":0,"4":0,"5":0,"6":0,"7":0,"8":0,"9":0,"10":0,"11":0,"12":0,"13":0,"14":0,"15":0,"16":0,"17":0,"18":0,"19":0,"20":0,"21":0,"22":0,"23":0,"24":0,"25":0,"26":0,"27":0,"28":0,"29":0,"30":0,"31":0,"32":0,"33":0,"34":0,"35":0,"36":0,"37":0,"38":0,"39":0,"40":0,"41":0,"42":0,"43":0,"44":0,"45":0,"46":0,"47":0,"48":0,"49":0,"50":0,"51":0,"52":0,"53":0,"54":0,"55":0,"56":0,"57":0},"fnMap":{"1":{"name":"Deps","line":22,"loc":{"start":{"line":22,"column":0},"end":{"line":22,"column":21}}},"2":{"name":"(anonymous_2)","line":30,"loc":{"start":{"line":30,"column":51},"end":{"line":30,"column":90}}},"3":{"name":"(anonymous_3)","line":31,"loc":{"start":{"line":31,"column":25},"end":{"line":31,"column":37}}},"4":{"name":"(anonymous_4)","line":53,"loc":{"start":{"line":53,"column":13},"end":{"line":53,"column":26}}},"5":{"name":"(anonymous_5)","line":78,"loc":{"start":{"line":78,"column":29},"end":{"line":78,"column":45}}},"6":{"name":"(anonymous_6)","line":79,"loc":{"start":{"line":79,"column":39},"end":{"line":79,"column":55}}},"7":{"name":"(anonymous_7)","line":90,"loc":{"start":{"line":90,"column":28},"end":{"line":90,"column":54}}},"8":{"name":"(anonymous_8)","line":111,"loc":{"start":{"line":111,"column":33},"end":{"line":111,"column":53}}},"9":{"name":"(anonymous_9)","line":124,"loc":{"start":{"line":124,"column":24},"end":{"line":124,"column":36}}},"10":{"name":"(anonymous_10)","line":127,"loc":{"start":{"line":127,"column":24},"end":{"line":127,"column":37}}},"11":{"name":"(anonymous_11)","line":140,"loc":{"start":{"line":140,"column":31},"end":{"line":140,"column":46}}},"12":{"name":"(anonymous_12)","line":153,"loc":{"start":{"line":153,"column":25},"end":{"line":153,"column":51}}},"13":{"name":"(anonymous_13)","line":162,"loc":{"start":{"line":162,"column":40},"end":{"line":162,"column":60}}},"14":{"name":"(anonymous_14)","line":167,"loc":{"start":{"line":167,"column":27},"end":{"line":167,"column":43}}},"15":{"name":"onresolve","line":178,"loc":{"start":{"line":178,"column":30},"end":{"line":178,"column":76}}},"16":{"name":"(anonymous_16)","line":186,"loc":{"start":{"line":186,"column":37},"end":{"line":186,"column":55}}},"17":{"name":"(anonymous_17)","line":201,"loc":{"start":{"line":201,"column":26},"end":{"line":201,"column":51}}},"18":{"name":"(anonymous_18)","line":209,"loc":{"start":{"line":209,"column":19},"end":{"line":209,"column":34}}},"19":{"name":"(anonymous_19)","line":214,"loc":{"start":{"line":214,"column":31},"end":{"line":214,"column":58}}},"20":{"name":"(anonymous_20)","line":236,"loc":{"start":{"line":236,"column":49},"end":{"line":236,"column":62}}},"21":{"name":"(anonymous_21)","line":237,"loc":{"start":{"line":237,"column":37},"end":{"line":237,"column":57}}},"22":{"name":"done","line":245,"loc":{"start":{"line":245,"column":4},"end":{"line":245,"column":21}}},"23":{"name":"(anonymous_23)","line":247,"loc":{"start":{"line":247,"column":27},"end":{"line":247,"column":42}}},"24":{"name":"makeTransform","line":255,"loc":{"start":{"line":255,"column":4},"end":{"line":255,"column":36}}},"25":{"name":"(anonymous_25)","line":268,"loc":{"start":{"line":268,"column":38},"end":{"line":268,"column":58}}},"26":{"name":"loadTransform","line":275,"loc":{"start":{"line":275,"column":4},"end":{"line":275,"column":44}}},"27":{"name":"nr","line":277,"loc":{"start":{"line":277,"column":32},"end":{"line":277,"column":62}}},"28":{"name":"(anonymous_28)","line":282,"loc":{"start":{"line":282,"column":47},"end":{"line":282,"column":63}}},"29":{"name":"(anonymous_29)","line":308,"loc":{"start":{"line":308,"column":22},"end":{"line":308,"column":48}}},"30":{"name":"(anonymous_30)","line":323,"loc":{"start":{"line":323,"column":29},"end":{"line":323,"column":65}}},"31":{"name":"(anonymous_31)","line":349,"loc":{"start":{"line":349,"column":27},"end":{"line":349,"column":43}}},"32":{"name":"(anonymous_32)","line":371,"loc":{"start":{"line":371,"column":27},"end":{"line":371,"column":43}}},"33":{"name":"(anonymous_33)","line":381,"loc":{"start":{"line":381,"column":69},"end":{"line":381,"column":87}}},"34":{"name":"persistentCacheFallback","line":389,"loc":{"start":{"line":389,"column":8},"end":{"line":389,"column":60}}},"35":{"name":"(anonymous_35)","line":396,"loc":{"start":{"line":396,"column":29},"end":{"line":396,"column":45}}},"36":{"name":"(anonymous_36)","line":403,"loc":{"start":{"line":403,"column":46},"end":{"line":403,"column":67}}},"37":{"name":"getDeps","line":413,"loc":{"start":{"line":413,"column":4},"end":{"line":413,"column":33}}},"38":{"name":"fromSource","line":417,"loc":{"start":{"line":417,"column":4},"end":{"line":417,"column":51}}},"39":{"name":"fromDeps","line":422,"loc":{"start":{"line":422,"column":4},"end":{"line":422,"column":55}}},"40":{"name":"resolve","line":428,"loc":{"start":{"line":428,"column":9},"end":{"line":428,"column":29}}},"41":{"name":"(anonymous_41)","line":430,"loc":{"start":{"line":430,"column":25},"end":{"line":430,"column":39}}},"42":{"name":"(anonymous_42)","line":444,"loc":{"start":{"line":444,"column":39},"end":{"line":444,"column":57}}},"43":{"name":"done","line":452,"loc":{"start":{"line":452,"column":8},"end":{"line":452,"column":25}}},"44":{"name":"(anonymous_44)","line":469,"loc":{"start":{"line":469,"column":27},"end":{"line":469,"column":52}}},"45":{"name":"(anonymous_45)","line":489,"loc":{"start":{"line":489,"column":31},"end":{"line":489,"column":51}}},"46":{"name":"next","line":498,"loc":{"start":{"line":498,"column":5},"end":{"line":498,"column":22}}},"47":{"name":"(anonymous_47)","line":518,"loc":{"start":{"line":518,"column":29},"end":{"line":518,"column":49}}},"48":{"name":"onpkg","line":533,"loc":{"start":{"line":533,"column":8},"end":{"line":533,"column":34}}},"49":{"name":"(anonymous_49)","line":537,"loc":{"start":{"line":537,"column":28},"end":{"line":537,"column":41}}},"50":{"name":"getTransforms","line":549,"loc":{"start":{"line":549,"column":0},"end":{"line":549,"column":35}}},"51":{"name":"nextTick","line":565,"loc":{"start":{"line":565,"column":0},"end":{"line":565,"column":23}}},"52":{"name":"(anonymous_52)","line":567,"loc":{"start":{"line":567,"column":21},"end":{"line":567,"column":33}}},"53":{"name":"xhas","line":570,"loc":{"start":{"line":570,"column":0},"end":{"line":570,"column":20}}},"54":{"name":"toStream","line":580,"loc":{"start":{"line":580,"column":0},"end":{"line":580,"column":33}}},"55":{"name":"has","line":587,"loc":{"start":{"line":587,"column":0},"end":{"line":587,"column":24}}},"56":{"name":"wrapTransform","line":591,"loc":{"start":{"line":591,"column":0},"end":{"line":591,"column":28}}},"57":{"name":"(anonymous_57)","line":596,"loc":{"start":{"line":596,"column":19},"end":{"line":596,"column":34}}}},"statementMap":{"1":{"start":{"line":1,"column":0},"end":{"line":1,"column":23}},"2":{"start":{"line":2,"column":0},"end":{"line":2,"column":27}},"3":{"start":{"line":3,"column":0},"end":{"line":3,"column":50}},"4":{"start":{"line":5,"column":0},"end":{"line":5,"column":48}},"5":{"start":{"line":6,"column":0},"end":{"line":6,"column":37}},"6":{"start":{"line":7,"column":0},"end":{"line":7,"column":37}},"7":{"start":{"line":8,"column":0},"end":{"line":8,"column":34}},"8":{"start":{"line":9,"column":0},"end":{"line":9,"column":38}},"9":{"start":{"line":10,"column":0},"end":{"line":10,"column":33}},"10":{"start":{"line":11,"column":0},"end":{"line":11,"column":42}},"11":{"start":{"line":12,"column":0},"end":{"line":12,"column":36}},"12":{"start":{"line":13,"column":0},"end":{"line":13,"column":29}},"13":{"start":{"line":14,"column":0},"end":{"line":14,"column":33}},"14":{"start":{"line":16,"column":0},"end":{"line":16,"column":35}},"15":{"start":{"line":17,"column":0},"end":{"line":17,"column":53}},"16":{"start":{"line":19,"column":0},"end":{"line":19,"column":22}},"17":{"start":{"line":20,"column":0},"end":{"line":20,"column":26}},"18":{"start":{"line":22,"column":0},"end":{"line":76,"column":1}},"19":{"start":{"line":23,"column":4},"end":{"line":23,"column":20}},"20":{"start":{"line":24,"column":4},"end":{"line":24,"column":55}},"21":{"start":{"line":24,"column":33},"end":{"line":24,"column":55}},"22":{"start":{"line":25,"column":4},"end":{"line":25,"column":47}},"23":{"start":{"line":27,"column":4},"end":{"line":27,"column":25}},"24":{"start":{"line":27,"column":15},"end":{"line":27,"column":25}},"25":{"start":{"line":29,"column":4},"end":{"line":29,"column":49}},"26":{"start":{"line":30,"column":4},"end":{"line":34,"column":6}},"27":{"start":{"line":31,"column":8},"end":{"line":33,"column":11}},"28":{"start":{"line":32,"column":12},"end":{"line":32,"column":31}},"29":{"start":{"line":35,"column":4},"end":{"line":35,"column":28}},"30":{"start":{"line":36,"column":4},"end":{"line":36,"column":36}},"31":{"start":{"line":37,"column":4},"end":{"line":37,"column":44}},"32":{"start":{"line":38,"column":4},"end":{"line":38,"column":27}},"33":{"start":{"line":39,"column":4},"end":{"line":39,"column":34}},"34":{"start":{"line":40,"column":4},"end":{"line":40,"column":26}},"35":{"start":{"line":41,"column":4},"end":{"line":41,"column":22}},"36":{"start":{"line":42,"column":4},"end":{"line":42,"column":22}},"37":{"start":{"line":43,"column":4},"end":{"line":43,"column":22}},"38":{"start":{"line":44,"column":4},"end":{"line":44,"column":21}},"39":{"start":{"line":46,"column":4},"end":{"line":46,"column":59}},"40":{"start":{"line":47,"column":4},"end":{"line":50,"column":5}},"41":{"start":{"line":48,"column":8},"end":{"line":48,"column":85}},"42":{"start":{"line":49,"column":8},"end":{"line":49,"column":49}},"43":{"start":{"line":51,"column":4},"end":{"line":55,"column":11}},"44":{"start":{"line":54,"column":12},"end":{"line":54,"column":49}},"45":{"start":{"line":57,"column":4},"end":{"line":57,"column":64}},"46":{"start":{"line":58,"column":4},"end":{"line":58,"column":76}},"47":{"start":{"line":59,"column":4},"end":{"line":59,"column":51}},"48":{"start":{"line":60,"column":4},"end":{"line":60,"column":31}},"49":{"start":{"line":61,"column":4},"end":{"line":61,"column":57}},"50":{"start":{"line":61,"column":31},"end":{"line":61,"column":57}},"51":{"start":{"line":65,"column":4},"end":{"line":65,"column":55}},"52":{"start":{"line":65,"column":30},"end":{"line":65,"column":55}},"53":{"start":{"line":66,"column":4},"end":{"line":66,"column":21}},"54":{"start":{"line":67,"column":4},"end":{"line":67,"column":26}},"55":{"start":{"line":69,"column":4},"end":{"line":69,"column":55}},"56":{"start":{"line":70,"column":4},"end":{"line":75,"column":6}},"57":{"start":{"line":78,"column":0},"end":{"line":88,"column":2}},"58":{"start":{"line":79,"column":4},"end":{"line":82,"column":7}},"59":{"start":{"line":80,"column":8},"end":{"line":80,"column":55}},"60":{"start":{"line":81,"column":8},"end":{"line":81,"column":61}},"61":{"start":{"line":83,"column":4},"end":{"line":86,"column":5}},"62":{"start":{"line":84,"column":8},"end":{"line":84,"column":49}},"63":{"start":{"line":85,"column":8},"end":{"line":85,"column":67}},"64":{"start":{"line":87,"column":4},"end":{"line":87,"column":22}},"65":{"start":{"line":90,"column":0},"end":{"line":122,"column":2}},"66":{"start":{"line":91,"column":4},"end":{"line":91,"column":20}},"67":{"start":{"line":92,"column":4},"end":{"line":94,"column":5}},"68":{"start":{"line":93,"column":8},"end":{"line":93,"column":28}},"69":{"start":{"line":95,"column":4},"end":{"line":102,"column":5}},"70":{"start":{"line":96,"column":8},"end":{"line":96,"column":67}},"71":{"start":{"line":97,"column":8},"end":{"line":97,"column":22}},"72":{"start":{"line":99,"column":9},"end":{"line":102,"column":5}},"73":{"start":{"line":100,"column":8},"end":{"line":100,"column":61}},"74":{"start":{"line":101,"column":8},"end":{"line":101,"column":22}},"75":{"start":{"line":104,"column":4},"end":{"line":104,"column":20}},"76":{"start":{"line":105,"column":4},"end":{"line":105,"column":53}},"77":{"start":{"line":107,"column":4},"end":{"line":109,"column":5}},"78":{"start":{"line":108,"column":8},"end":{"line":108,"column":69}},"79":{"start":{"line":111,"column":4},"end":{"line":121,"column":7}},"80":{"start":{"line":112,"column":8},"end":{"line":116,"column":9}},"81":{"start":{"line":113,"column":12},"end":{"line":113,"column":53}},"82":{"start":{"line":114,"column":12},"end":{"line":114,"column":28}},"83":{"start":{"line":115,"column":12},"end":{"line":115,"column":26}},"84":{"start":{"line":117,"column":8},"end":{"line":117,"column":47}},"85":{"start":{"line":117,"column":17},"end":{"line":117,"column":47}},"86":{"start":{"line":118,"column":8},"end":{"line":118,"column":24}},"87":{"start":{"line":119,"column":8},"end":{"line":119,"column":49}},"88":{"start":{"line":120,"column":8},"end":{"line":120,"column":15}},"89":{"start":{"line":124,"column":0},"end":{"line":151,"column":2}},"90":{"start":{"line":125,"column":4},"end":{"line":125,"column":20}},"91":{"start":{"line":126,"column":4},"end":{"line":126,"column":19}},"92":{"start":{"line":127,"column":4},"end":{"line":138,"column":7}},"93":{"start":{"line":128,"column":8},"end":{"line":128,"column":49}},"94":{"start":{"line":129,"column":8},"end":{"line":137,"column":39}},"95":{"start":{"line":130,"column":12},"end":{"line":130,"column":49}},"96":{"start":{"line":131,"column":12},"end":{"line":131,"column":46}},"97":{"start":{"line":132,"column":12},"end":{"line":132,"column":30}},"98":{"start":{"line":133,"column":12},"end":{"line":135,"column":13}},"99":{"start":{"line":134,"column":16},"end":{"line":134,"column":32}},"100":{"start":{"line":137,"column":13},"end":{"line":137,"column":39}},"101":{"start":{"line":140,"column":4},"end":{"line":148,"column":7}},"102":{"start":{"line":141,"column":8},"end":{"line":141,"column":27}},"103":{"start":{"line":142,"column":8},"end":{"line":142,"column":30}},"104":{"start":{"line":143,"column":8},"end":{"line":143,"column":71}},"105":{"start":{"line":144,"column":8},"end":{"line":144,"column":48}},"106":{"start":{"line":144,"column":28},"end":{"line":144,"column":48}},"107":{"start":{"line":145,"column":8},"end":{"line":147,"column":12}},"108":{"start":{"line":149,"column":4},"end":{"line":149,"column":44}},"109":{"start":{"line":149,"column":28},"end":{"line":149,"column":44}},"110":{"start":{"line":150,"column":4},"end":{"line":150,"column":23}},"111":{"start":{"line":153,"column":0},"end":{"line":199,"column":2}},"112":{"start":{"line":154,"column":4},"end":{"line":154,"column":20}},"113":{"start":{"line":155,"column":4},"end":{"line":155,"column":28}},"114":{"start":{"line":157,"column":4},"end":{"line":165,"column":5}},"115":{"start":{"line":159,"column":8},"end":{"line":159,"column":50}},"116":{"start":{"line":160,"column":8},"end":{"line":160,"column":38}},"117":{"start":{"line":161,"column":8},"end":{"line":161,"column":44}},"118":{"start":{"line":161,"column":17},"end":{"line":161,"column":44}},"119":{"start":{"line":162,"column":8},"end":{"line":164,"column":11}},"120":{"start":{"line":163,"column":12},"end":{"line":163,"column":32}},"121":{"start":{"line":167,"column":4},"end":{"line":173,"column":6}},"122":{"start":{"line":168,"column":8},"end":{"line":168,"column":37}},"123":{"start":{"line":169,"column":8},"end":{"line":169,"column":61}},"124":{"start":{"line":169,"column":32},"end":{"line":169,"column":61}},"125":{"start":{"line":170,"column":8},"end":{"line":170,"column":29}},"126":{"start":{"line":172,"column":8},"end":{"line":172,"column":17}},"127":{"start":{"line":175,"column":4},"end":{"line":175,"column":61}},"128":{"start":{"line":175,"column":25},"end":{"line":175,"column":61}},"129":{"start":{"line":176,"column":4},"end":{"line":176,"column":52}},"130":{"start":{"line":176,"column":22},"end":{"line":176,"column":52}},"131":{"start":{"line":178,"column":4},"end":{"line":198,"column":7}},"132":{"start":{"line":179,"column":8},"end":{"line":179,"column":32}},"133":{"start":{"line":179,"column":17},"end":{"line":179,"column":32}},"134":{"start":{"line":180,"column":8},"end":{"line":183,"column":11}},"135":{"start":{"line":180,"column":19},"end":{"line":183,"column":11}},"136":{"start":{"line":185,"column":8},"end":{"line":197,"column":42}},"137":{"start":{"line":186,"column":12},"end":{"line":195,"column":15}},"138":{"start":{"line":187,"column":16},"end":{"line":187,"column":40}},"139":{"start":{"line":187,"column":25},"end":{"line":187,"column":40}},"140":{"start":{"line":188,"column":16},"end":{"line":188,"column":31}},"141":{"start":{"line":188,"column":24},"end":{"line":188,"column":31}},"142":{"start":{"line":189,"column":16},"end":{"line":189,"column":67}},"143":{"start":{"line":189,"column":34},"end":{"line":189,"column":67}},"144":{"start":{"line":190,"column":16},"end":{"line":190,"column":40}},"145":{"start":{"line":191,"column":16},"end":{"line":194,"column":18}},"146":{"start":{"line":197,"column":13},"end":{"line":197,"column":42}},"147":{"start":{"line":201,"column":0},"end":{"line":212,"column":2}},"148":{"start":{"line":202,"column":4},"end":{"line":202,"column":20}},"149":{"start":{"line":203,"column":4},"end":{"line":205,"column":5}},"150":{"start":{"line":204,"column":8},"end":{"line":204,"column":46}},"151":{"start":{"line":206,"column":4},"end":{"line":208,"column":7}},"152":{"start":{"line":209,"column":4},"end":{"line":209,"column":63}},"153":{"start":{"line":209,"column":36},"end":{"line":209,"column":60}},"154":{"start":{"line":210,"column":4},"end":{"line":210,"column":32}},"155":{"start":{"line":211,"column":4},"end":{"line":211,"column":14}},"156":{"start":{"line":214,"column":0},"end":{"line":306,"column":2}},"157":{"start":{"line":215,"column":4},"end":{"line":215,"column":25}},"158":{"start":{"line":215,"column":15},"end":{"line":215,"column":25}},"159":{"start":{"line":216,"column":4},"end":{"line":216,"column":20}},"160":{"start":{"line":218,"column":4},"end":{"line":218,"column":19}},"161":{"start":{"line":219,"column":4},"end":{"line":220,"column":45}},"162":{"start":{"line":219,"column":44},"end":{"line":219,"column":63}},"163":{"start":{"line":220,"column":9},"end":{"line":220,"column":45}},"164":{"start":{"line":222,"column":4},"end":{"line":227,"column":5}},"165":{"start":{"line":228,"column":4},"end":{"line":228,"column":50}},"166":{"start":{"line":228,"column":33},"end":{"line":228,"column":50}},"167":{"start":{"line":230,"column":4},"end":{"line":230,"column":36}},"168":{"start":{"line":231,"column":4},"end":{"line":231,"column":21}},"169":{"start":{"line":232,"column":4},"end":{"line":232,"column":26}},"170":{"start":{"line":233,"column":4},"end":{"line":233,"column":27}},"171":{"start":{"line":234,"column":4},"end":{"line":234,"column":38}},"172":{"start":{"line":236,"column":4},"end":{"line":242,"column":10}},"173":{"start":{"line":236,"column":48},"end":{"line":242,"column":10}},"174":{"start":{"line":237,"column":8},"end":{"line":241,"column":11}},"175":{"start":{"line":238,"column":12},"end":{"line":238,"column":51}},"176":{"start":{"line":238,"column":21},"end":{"line":238,"column":51}},"177":{"start":{"line":239,"column":12},"end":{"line":239,"column":29}},"178":{"start":{"line":240,"column":12},"end":{"line":240,"column":41}},"179":{"start":{"line":240,"column":34},"end":{"line":240,"column":41}},"180":{"start":{"line":243,"column":4},"end":{"line":243,"column":15}},"181":{"start":{"line":245,"column":4},"end":{"line":253,"column":5}},"182":{"start":{"line":246,"column":8},"end":{"line":246,"column":50}},"183":{"start":{"line":247,"column":8},"end":{"line":251,"column":11}},"184":{"start":{"line":248,"column":12},"end":{"line":248,"column":58}},"185":{"start":{"line":249,"column":12},"end":{"line":249,"column":51}},"186":{"start":{"line":249,"column":31},"end":{"line":249,"column":51}},"187":{"start":{"line":250,"column":12},"end":{"line":250,"column":36}},"188":{"start":{"line":252,"column":8},"end":{"line":252,"column":40}},"189":{"start":{"line":255,"column":4},"end":{"line":273,"column":5}},"190":{"start":{"line":256,"column":8},"end":{"line":256,"column":24}},"191":{"start":{"line":257,"column":8},"end":{"line":260,"column":9}},"192":{"start":{"line":258,"column":12},"end":{"line":258,"column":33}},"193":{"start":{"line":259,"column":12},"end":{"line":259,"column":23}},"194":{"start":{"line":261,"column":8},"end":{"line":261,"column":87}},"195":{"start":{"line":262,"column":8},"end":{"line":272,"column":9}},"196":{"start":{"line":263,"column":12},"end":{"line":263,"column":37}},"197":{"start":{"line":264,"column":12},"end":{"line":264,"column":44}},"198":{"start":{"line":265,"column":12},"end":{"line":265,"column":49}},"199":{"start":{"line":268,"column":12},"end":{"line":271,"column":15}},"200":{"start":{"line":269,"column":16},"end":{"line":269,"column":40}},"201":{"start":{"line":269,"column":25},"end":{"line":269,"column":40}},"202":{"start":{"line":270,"column":16},"end":{"line":270,"column":45}},"203":{"start":{"line":275,"column":4},"end":{"line":305,"column":5}},"204":{"start":{"line":276,"column":8},"end":{"line":276,"column":53}},"205":{"start":{"line":277,"column":8},"end":{"line":304,"column":11}},"206":{"start":{"line":278,"column":12},"end":{"line":278,"column":51}},"207":{"start":{"line":278,"column":30},"end":{"line":278,"column":51}},"208":{"start":{"line":280,"column":12},"end":{"line":285,"column":13}},"209":{"start":{"line":281,"column":16},"end":{"line":281,"column":47}},"210":{"start":{"line":282,"column":16},"end":{"line":284,"column":19}},"211":{"start":{"line":283,"column":20},"end":{"line":283,"column":34}},"212":{"start":{"line":287,"column":12},"end":{"line":290,"column":15}},"213":{"start":{"line":287,"column":22},"end":{"line":290,"column":15}},"214":{"start":{"line":292,"column":12},"end":{"line":292,"column":33}},"215":{"start":{"line":293,"column":12},"end":{"line":299,"column":13}},"216":{"start":{"line":294,"column":16},"end":{"line":298,"column":19}},"217":{"start":{"line":301,"column":12},"end":{"line":301,"column":38}},"218":{"start":{"line":302,"column":12},"end":{"line":302,"column":46}},"219":{"start":{"line":303,"column":12},"end":{"line":303,"column":26}},"220":{"start":{"line":308,"column":0},"end":{"line":467,"column":2}},"221":{"start":{"line":309,"column":4},"end":{"line":309,"column":20}},"222":{"start":{"line":310,"column":4},"end":{"line":310,"column":28}},"223":{"start":{"line":311,"column":4},"end":{"line":311,"column":20}},"224":{"start":{"line":313,"column":4},"end":{"line":313,"column":17}},"225":{"start":{"line":314,"column":4},"end":{"line":314,"column":14}},"226":{"start":{"line":315,"column":4},"end":{"line":321,"column":5}},"227":{"start":{"line":316,"column":8},"end":{"line":316,"column":24}},"228":{"start":{"line":317,"column":8},"end":{"line":317,"column":50}},"229":{"start":{"line":317,"column":33},"end":{"line":317,"column":50}},"230":{"start":{"line":318,"column":8},"end":{"line":318,"column":32}},"231":{"start":{"line":319,"column":8},"end":{"line":319,"column":21}},"232":{"start":{"line":320,"column":8},"end":{"line":320,"column":29}},"233":{"start":{"line":323,"column":4},"end":{"line":411,"column":7}},"234":{"start":{"line":326,"column":8},"end":{"line":326,"column":46}},"235":{"start":{"line":328,"column":8},"end":{"line":334,"column":9}},"236":{"start":{"line":332,"column":12},"end":{"line":333,"column":56}},"237":{"start":{"line":335,"column":8},"end":{"line":338,"column":9}},"238":{"start":{"line":336,"column":12},"end":{"line":336,"column":51}},"239":{"start":{"line":337,"column":12},"end":{"line":337,"column":38}},"240":{"start":{"line":340,"column":8},"end":{"line":344,"column":9}},"241":{"start":{"line":341,"column":12},"end":{"line":341,"column":54}},"242":{"start":{"line":341,"column":38},"end":{"line":341,"column":54}},"243":{"start":{"line":342,"column":12},"end":{"line":342,"column":43}},"244":{"start":{"line":342,"column":23},"end":{"line":342,"column":43}},"245":{"start":{"line":343,"column":12},"end":{"line":343,"column":45}},"246":{"start":{"line":345,"column":8},"end":{"line":354,"column":9}},"247":{"start":{"line":346,"column":12},"end":{"line":346,"column":28}},"248":{"start":{"line":348,"column":12},"end":{"line":348,"column":51}},"249":{"start":{"line":349,"column":12},"end":{"line":352,"column":16}},"250":{"start":{"line":350,"column":16},"end":{"line":350,"column":51}},"251":{"start":{"line":351,"column":16},"end":{"line":351,"column":50}},"252":{"start":{"line":353,"column":12},"end":{"line":353,"column":38}},"253":{"start":{"line":355,"column":8},"end":{"line":360,"column":9}},"254":{"start":{"line":356,"column":12},"end":{"line":356,"column":54}},"255":{"start":{"line":356,"column":38},"end":{"line":356,"column":54}},"256":{"start":{"line":357,"column":12},"end":{"line":357,"column":43}},"257":{"start":{"line":357,"c
[...]
globalTransforms.push([ row.transform, row.options ]);","        return next();","    }","    else if (row.transform) {","        this.transforms.push([ row.transform, row.options ]);","        return next();","    }","    ","    self.pending ++;","    var basedir = defined(row.basedir, self.basedir);","    ","    if (row.entry !== false) {","        self.entries.push(path.resolve(basedir, row.file || row.id));","    }","    ","    self.lookupPackage(row.file, function (err, pkg) {","        if (err && self.options.ignoreMissing) {","            self.emit('missing', row.file, self.top);","            self.pending --;","            return next();","        }","        if (err) return self.emit('error', err)","        self.pending --;","        self._input.push({ row: row, pkg: pkg });","        next();","    });","};","","Deps.prototype._flush = function () {","    var self = this;","    var files = {};","    self._input.forEach(function (r) {","        var w = r.row, f = files[w.file || w.id];","        if (f) {","            f.row.entry = f.row.entry || w.entry;","            var ex = f.row.expose || w.expose;","            f.row.expose = ex;","            if (ex && f.row.file === f.row.id && w.file !== w.id) {","                f.row.id = w.id;","            }","        }","        else files[w.file || w.id] = r;","    });","    ","    Object.keys(files).forEach(function (key) {","        var r = files[key];","        var pkg = r.pkg || {};","        var dir = r.row.file ? path.dirname(r.row.file) : self.basedir;","        if (!pkg.__dirname) pkg.__dirname = dir;","        self.walk(r.row, xtend(self.top, {","            filename: path.join(dir, '_fake.js')","        }));","    });","    if (this.pending === 0) this.push(null);","    this._ended = true;","};","","Deps.prototype.resolve = function (id, parent, cb) {","    var self = this;","    var opts = self.options;","    ","    if (xhas(self.cache, parent.id, 'deps', id)","    && self.cache[parent.id].deps[id]) {","        var file = self.cache[parent.id].deps[id];","        var pkg = self.pkgCache[file];","        if (pkg) return cb(null, file, pkg);","        return self.lookupPackage(file, function (err, pkg) {","            cb(null, file, pkg);","        });","    }","    ","    parent.packageFilter = function (p, x) {","        var pkgdir = path.dirname(x);","        if (opts.packageFilter) p = opts.packageFilter(p, x);","        p.__dirname = pkgdir;","","        return p;","    };","    ","    if (opts.extensions) parent.extensions = opts.extensions;","    if (opts.modules) parent.modules = opts.modules;","    ","    self.resolver(id, parent, function onresolve (err, file, pkg, fakePath) {","        if (err) return cb(err);","        if (!file) return cb(new Error(","            'module not found: \"' + id + '\" from file '","            + parent.filename","        ));","        ","        if (!pkg || !pkg.__dirname) {","            self.lookupPackage(file, function (err, p) {","                if (err) return cb(err);","                if (!p) p = {};","                if (!p.__dirname) p.__dirname = path.dirname(file);","                self.pkgCache[file] = p;","                onresolve(err, file, opts.packageFilter","                    ? opts.packageFilter(p, p.__dirname) : p,","                    fakePath","                );","            });","        }","        else cb(err, file, pkg, fakePath);","    });","};","","Deps.prototype.readFile = function (file, id, pkg) {","    var self = this;","    if (xhas(this.fileCache, file)) {","        return toStream(this.fileCache[file]);","    }","    var rs = fs.createReadStream(file, {","        encoding: 'utf8'","    });","    rs.on('error', function (err) { self.emit('error', err) });","    this.emit('file', file, id);","    return rs;","};","","Deps.prototype.getTransforms = function (file, pkg, opts) {","    if (!opts) opts = {};","    var self = this;","    ","    var isTopLevel;","    if (opts.builtin || opts.inNodeModules) isTopLevel = false;","    else isTopLevel = this._isTopLevel(file);","    ","    var transforms = [].concat(isTopLevel ? this.transforms : [])","        .concat(getTransforms(pkg, {","            globalTransform: this.globalTransforms,","            transformKey: this.options.transformKey","        }))","    ;","    if (transforms.length === 0) return through();","    ","    var pending = transforms.length;","    var streams = [];","    var input = through();","    var output = through();","    var dup = duplexer(input, output);","    ","    for (var i = 0; i < transforms.length; i++) (function (i) {","        makeTransform(transforms[i], function (err, trs) {","            if (err) return self.emit('error', err)","            streams[i] = trs;","            if (-- pending === 0) done();","        });","    })(i);","    return dup;","    ","    function done () {","        var middle = combine.apply(null, streams);","        middle.on('error', function (err) {","            err.message += ' while parsing file: ' + file;","            if (!err.filename) err.filename = file;","            self.emit('error', err);","        });","        input.pipe(middle).pipe(output);","    }","    ","    function makeTransform (tr, cb) {","        var trOpts = {};","        if (Array.isArray(tr)) {","            trOpts = tr[1] || {};","            tr = tr[0];","        }","        trOpts._flags = trOpts.hasOwnProperty('_flags') ? trOpts._flags : self.options;","        if (typeof tr === 'function') {","            var t = tr(file, trOpts);","            self.emit('transform', t, file);","            nextTick(cb, null, wrapTransform(t));","        }","        else {","            loadTransform(tr, trOpts, function (err, trs) {","                if (err) return cb(err);","                cb(null, wrapTransform(trs));","            });","        }","    }","    ","    function loadTransform (id, trOpts, cb) {","        var params = { basedir: path.dirname(file) };","        nodeResolve(id, params, function nr (err, res, again) {","            if (err && again) return cb && cb(err);","            ","            if (err) {","                params.basedir = pkg.__dirname;","                return nodeResolve(id, params, function (e, r) {","                    nr(e, r, true)","                });","            }","            ","            if (!res) return cb(new Error(","                'cannot find transform module ' + tr","                + ' while transforming ' + file","            ));","            ","            var r = require(res);","            if (typeof r !== 'function') {","                return cb(new Error(","                    'Unexpected ' + typeof r + ' exported by the '","                    + JSON.stringify(res) + ' package. '","                    + 'Expected a transform function.'","                ));","            }","            ","            var trs = r(file, trOpts);","            self.emit('transform', trs, file);","            cb(null, trs);","        });","    }","};","","Deps.prototype.walk = function (id, parent, cb) {","    var self = this;","    var opts = self.options;","    this.pending ++;","    ","    var rec = {};","    var input;","    if (typeof id === 'object') {","        rec = xtend(id);","        if (rec.entry === false) delete rec.entry;","        id = rec.file || rec.id;","        input = true;","        this.inputPending ++;","    }","    ","    self.resolve(id, parent, function (err, file, pkg, fakePath) {","        // this is checked early because parent.modules is also modified","        // by this function.","        var builtin = has(parent.modules, id);","","        if (rec.expose) {","            // Set options.expose to make the resolved pathname available to the","            // caller. They may or may not have requested it, but it's harmless","            // to set this if they didn't.","            self.options.expose[rec.expose] =","                self.options.modules[rec.expose] = file;","        }","        if (pkg && !self._emittedPkg[pkg.__dirname]) {","            self._emittedPkg[pkg.__dirname] = true;","            self.emit('package', pkg);","        }","        ","        if (opts.postFilter && !opts.postFilter(id, file, pkg)) {","            if (--self.pending === 0) self.push(null);","            if (input) --self.inputPending;","            return cb && cb(null, undefined);","        }","        if (err && rec.source) {","            file = rec.file;","            ","            var ts = self.getTransforms(file, pkg);","            ts.pipe(concat(function (body) {","                rec.source = body.toString('utf8');","                fromSource(file, rec.source, pkg);","            }));","            return ts.end(rec.source);","        }","        if (err && self.options.ignoreMissing) {","            if (--self.pending === 0) self.push(null);","            if (input) --self.inputPending;","            self.emit('missing', id, parent);","            return cb && cb(null, undefined);","        }","        if (err) return self.emit('error', err);","        if (self.visited[file]) {","            if (-- self.pending === 0) self.push(null);","            if (input) --self.inputPending;","            return cb && cb(null, file);","        }","        self.visited[file] = true;","        ","        if (rec.source) {","            var ts = self.getTransforms(file, pkg);","            ts.pipe(concat(function (body) {","                rec.source = body.toString('utf8');","                fromSource(file, rec.source, pkg);","            }));","            return ts.end(rec.source);","        }","        ","        var c = self.cache && self.cache[file];","        if (c) return fromDeps(file, c.source, c.package, fakePath, Object.keys(c.deps));","        ","        self.persistentCache(file, id, pkg, persistentCacheFallback, function (err, c) {","            if (err) {","                self.emit('error', err);","                return;","            }","            fromDeps(file, c.source, c.package, fakePath, Object.keys(c.deps));","        });","","        function persistentCacheFallback (dataAsString, cb) {","            var stream = dataAsString ? toStream(dataAsString) : self.readFile(file, id, pkg);","            stream","                .pipe(self.getTransforms(fakePath || file, pkg, {","                    builtin: builtin,","                    inNodeModules: parent.inNodeModules","                }))","                .pipe(concat(function (body) {","                    var src = body.toString('utf8');","                    var deps = getDeps(file, src);","                    if (deps) {","                        cb(null, {","                            source: src,","                            package: pkg,","                            deps: deps.reduce(function (deps, dep) {","                                deps[dep] = true;","                                return deps;","                            }, {})","                        });","                    }","                }));","        }","    });","","    function getDeps (file, src) {","        return rec.noparse ? [] : self.parseDeps(file, src);","    }","","    function fromSource (file, src, pkg, fakePath) {","        var deps = getDeps(file, src);","        if (deps) fromDeps(file, src, pkg, fakePath, deps);","    }","    ","    function fromDeps (file, src, pkg, fakePath, deps) {","        var p = deps.length;","        var resolved = {};","        ","        if (input) --self.inputPending;","        ","        (function resolve () {","            if (self.inputPending > 0) return setTimeout(resolve);","            deps.forEach(function (id) {","                if (opts.filter && !opts.filter(id)) {","                    resolved[id] = false;","                    if (--p === 0) done();","                    return;","                }","                var isTopLevel = self._isTopLevel(fakePath || file);","                var current = {","                    id: file,","                    filename: file,","                    paths: self.paths,","                    package: pkg,","                    inNodeModules: parent.inNodeModules || !isTopLevel","                };","                self.walk(id, current, function (err, r) {","                    resolved[id] = r;","                    if (--p === 0) done();","                });","            });","            if (deps.length === 0) done();","        })();","        ","        function done () {","            if (!rec.id) rec.id = file;","            if (!rec.source) rec.source = src;","            if (!rec.deps) rec.deps = resolved;","            if (!rec.file) rec.file = file;","            ","            if (self.entries.indexOf(file) >= 0) {","                rec.entry = true;","            }","            self.push(rec);","            ","            if (cb) cb(null, file);","            if (-- self.pending === 0) self.push(null);","        }","    }","};","","Deps.prototype.parseDeps = function (file, src, cb) {","    if (this.options.noParse === true) return [];","    if (/\\.json$/.test(file)) return [];","    ","    if (Array.isArray(this.options.noParse)","    && this.options.noParse.indexOf(file) >= 0) {","        return [];","    }","    ","    try { var deps = detective(src) }","    catch (ex) {","        var message = ex && ex.message ? ex.message : ex;","        this.emit('error', new Error(","            'Parsing file ' + file + ': ' + message","        ));","        return;","    }","    return deps;","};","","Deps.prototype.lookupPackage = function (file, cb) {","    var self = this;","    ","    var cached = this.pkgCache[file];","    if (cached) return nextTick(cb, null, cached);","    if (cached === false) return nextTick(cb, null, undefined);","    ","    var dirs = parents(file ? path.dirname(file) : self.basedir);","    ","    (function next () {","        if (dirs.length === 0) {","            self.pkgCache[file] = false;","            return cb(null, undefined);","        }","        var dir = dirs.shift();","        if (dir.split(/[\\\\\\/]/).slice(-1)[0] === 'node_modules') {","            return cb(null, undefined);","        }","        ","        var pkgfile = path.join(dir, 'package.json');","        ","        var cached = self.pkgCache[pkgfile];","        if (cached) return nextTick(cb, null, cached);","        else if (cached === false) return next();","        ","        var pcached = self.pkgFileCachePending[pkgfile];","        if (pcached) return pcached.push(onpkg);","        pcached = self.pkgFileCachePending[pkgfile] = [];","        ","        fs.readFile(pkgfile, function (err, src) {","            if (err) return onpkg();","            try { var pkg = JSON.parse(src) }","            catch (err) {","                return onpkg(new Error([","                    err + ' while parsing json file ' + pkgfile","                ].join('')))","            }","            pkg.__dirname = dir;","            ","            self.pkgCache[pkgfile] = pkg;","            self.pkgCache[file] = pkg;","            onpkg(null, pkg);","        });","        ","        function onpkg (err, pkg) {","            if (self.pkgFileCachePending[pkgfile]) {","                var fns = self.pkgFileCachePending[pkgfile];","                delete self.pkgFileCachePending[pkgfile];","                fns.forEach(function (f) { f(err, pkg) });","            }","            if (err) cb(err)","            else if (pkg) cb(null, pkg)","            else {","                self.pkgCache[pkgfile] = false;","                next();","            }","        }","    })();","};"," ","function getTransforms (pkg, opts) {","    var trx = [];","    if (opts.transformKey) {","        var n = pkg;","        var keys = opts.transformKey;","        for (var i = 0; i < keys.length; i++) {","            if (n && typeof n === 'object') n = n[keys[i]];","            else break;","        }","        if (i === keys.length) {","            trx = [].concat(n).filter(Boolean);","        }","    }","    return trx.concat(opts.globalTransform || []);","}","","function nextTick (cb) {","    var args = [].slice.call(arguments, 1);","    process.nextTick(function () { cb.apply(null, args) });","}","","function xhas (obj) {","    if (!obj) return false;","    for (var i = 1; i < arguments.length; i++) {","        var key = arguments[i];","        if (!has(obj, key)) return false;","        obj = obj[key];","    }","    return true;","}","","function toStream (dataAsString) {","    var tr = through();","    tr.push(dataAsString);","    tr.push(null);","    return tr;","}","","function has (obj, key) {","    return obj && Object.prototype.hasOwnProperty.call(obj, key);","}","","function wrapTransform (tr) {","    if (typeof tr.read === 'function') return tr;","    var input = through(), output = through();","    input.pipe(tr).pipe(output);","    var wrapper = duplexer(input, output);","    tr.on('error', function (err) { wrapper.emit('error', err) });","    return wrapper;","}",""],"l":{"1":1,"2":1,"3":1,"5":1,"6":1,"7":1,"8":1,"9":1,"10":1,"11":1,"12":1,"13":1,"14":1,"16":1,"17":1,"19":1,"20":1,"22":1,"23":0,"24":0,"25":0,"27":0,"29":0,"30":0,"31":0,"32":0,"35":0,"36":0,"37":0,"38":0,"39":0,"40":0,"41":0,"42":0,"43":0,"44":0,"46":0,"47":0,"48":0,"49":0,"51":0,"54":0,"57":0,"58":0,"59":0,"60":0,"61":0,"65":0,"66":0,"67":0,"69":0,"70":0,"78":1,"79":0,"80":0,"81":0,"83":0,"84":0,"85":0,"87":0,"90":1,"91":0,"92":0,"93":0,"95":0,"96":0,"97":0,"99":0,"100":0,"101":0,"104":0,"105":0,"107":0,"108":0,"111":0,"112":0,"113":0,"114":0,"115":0,"117":0,"118":0,"119":0,"120":0,"124":1,"125":0,"126":0,"127":0,"128":0,"129":0,"130":0,"131":0,"132":0,"133":0,"134":0,"137":0,"140":0,"141":0,"142":0,"143":0,"144":0,"145":0,"149":0,"150":0,"153":1,"154":0,"155":0,"157":0,"159":0,"160":0,"161":0,"162":0,"163":0,"167":0,"168":0,"169":0,"170":0,"172":0,"175":0,"176":0,"178":0,"179":0,"180":0,"185":0,"186":0,"187":0,"188":0,"189":0,"190":0,"191":0,"197":0,"201":1,"202":0,"203":0,"204":0,"206":0,"209":0,"210":0,"211":0,"214":1,"215":0,"216":0,"218":0,"219":0,"220":0,"222":0,"228":0,"230":0,"231":0,"232":0,"233":0,"234":0,"236":0,"237":0,"238":0,"239":0,"240":0,"243":0,"245":1,"246":0,"247":0,"248":0,"249":0,"250":0,"252":0,"255":1,"256":0,"257":0,"258":0,"259":0,"261":0,"262":0,"263":0,"264":0,"265":0,"268":0,"269":0,"270":0,"275":1,"276":0,"277":0,"278":0,"280":0,"281":0,"282":0,"283":0,"287":0,"292":0,"293":0,"294":0,"301":0,"302":0,"303":0,"308":1,"309":0,"310":0,"311":0,"313":0,"314":0,"315":0,"316":0,"317":0,"318":0,"319":0,"320":0,"323":0,"326":0,"328":0,"332":0,"335":0,"336":0,"337":0,"340":0,"341":0,"342":0,"343":0,"345":0,"346":0,"348":0,"349":0,"350":0,"351":0,"353":0,"355":0,"356":0,"357":0,"358":0,"359":0,"361":0,"362":0,"363":0,"364":0,"365":0,"367":0,"369":0,"370":0,"371":0,"372":0,"373":0,"375":0,"378":0,"379":0,"381":0,"382":0,"383":0,"384":0,"386":0,"389":1,"390":0,"391":0,"397":0,"398":0,"399":0,"400":0,"404":0,"405":0,"413":1,"414":0,"417":1,"418":0,"419":0,"422":1,"423":0,"424":0,"426":0,"428":0,"429":0,"430":0,"431":0,"432":0,"433":0,"434":0,"436":0,"437":0,"444":0,"445":0,"446":0,"449":0,"452":1,"453":0,"454":0,"455":0,"456":0,"458":0,"459":0,"461":0,"463":0,"464":0,"469":1,"470":0,"471":0,"473":0,"475":0,"478":0,"480":0,"481":0,"484":0,"486":0,"489":1,"490":0,"492":0,"493":0,"494":0,"496":0,"498":0,"499":0,"500":0,"501":0,"503":0,"504":0,"505":0,"508":0,"510":0,"511":0,"512":0,"514":0,"515":0,"516":0,"518":0,"519":0,"520":0,"522":0,"526":0,"528":0,"529":0,"530":0,"533":1,"534":0,"535":0,"536":0,"537":0,"539":0,"540":0,"542":0,"543":0,"549":1,"550":0,"551":0,"552":0,"553":0,"554":0,"555":0,"556":0,"558":0,"559":0,"562":0,"565":1,"566":0,"567":0,"570":1,"571":0,"572":0,"573":0,"574":0,"575":0,"577":0,"580":1,"581":0,"582":0,"583":0,"584":0,"587":1,"588":0,"591":1,"592":0,"593":0,"594":0,"595":0,"596":0,"597":0}}}